  [1m[35m (0.7ms)[0m  [1m[34mSELECT pg_try_advisory_lock(7410115512844159290)[0m
  [1m[35m (8.6ms)[0m  [1m[34mSELECT "schema_migrations"."version" FROM "schema_migrations" ORDER BY "schema_migrations"."version" ASC[0m
  [1m[36mActiveRecord::InternalMetadata Load (5.3ms)[0m  [1m[34mSELECT  "ar_internal_metadata".* FROM "ar_internal_metadata" WHERE "ar_internal_metadata"."key" = $1 LIMIT $2[0m  [["key", "environment"], ["LIMIT", 1]]
  [1m[35m (0.3ms)[0m  [1m[35mBEGIN[0m
  [1m[35m (0.2ms)[0m  [1m[35mCOMMIT[0m
  [1m[35m (0.3ms)[0m  [1m[34mSELECT pg_advisory_unlock(7410115512844159290)[0m
  [1m[35m (0.4ms)[0m  [1m[34mSELECT "schema_migrations"."version" FROM "schema_migrations" ORDER BY "schema_migrations"."version" ASC[0m
Started GET "/" for ::1 at 2019-08-05 21:22:46 -0400
  [1m[35m (1.0ms)[0m  [1m[34mSELECT "schema_migrations"."version" FROM "schema_migrations" ORDER BY "schema_migrations"."version" ASC[0m
Processing by PostsController#index as HTML
  Rendering posts/index.html.erb within layouts/application
  [1m[36mPost Load (46.9ms)[0m  [1m[34mSELECT "posts".* FROM "posts"[0m
  [1m[36mUser Load (3.7ms)[0m  [1m[34mSELECT  "users".* FROM "users" WHERE "users"."id" = $1 LIMIT $2[0m  [["id", 13], ["LIMIT", 1]]
  [1m[35m (7.9ms)[0m  [1m[34mSELECT COUNT(*) FROM "comments" WHERE "comments"."post_id" = $1[0m  [["post_id", 25]]
  [1m[36mUser Load (0.7ms)[0m  [1m[34mSELECT  "users".* FROM "users" WHERE "users"."id" = $1 LIMIT $2[0m  [["id", 14], ["LIMIT", 1]]
  [1m[35m (0.6ms)[0m  [1m[34mSELECT COUNT(*) FROM "comments" WHERE "comments"."post_id" = $1[0m  [["post_id", 26]]
  [1m[36mUser Load (0.5ms)[0m  [1m[34mSELECT  "users".* FROM "users" WHERE "users"."id" = $1 LIMIT $2[0m  [["id", 15], ["LIMIT", 1]]
  [1m[35m (0.4ms)[0m  [1m[34mSELECT COUNT(*) FROM "comments" WHERE "comments"."post_id" = $1[0m  [["post_id", 27]]
  [1m[36mUser Load (0.5ms)[0m  [1m[34mSELECT  "users".* FROM "users" WHERE "users"."id" = $1 LIMIT $2[0m  [["id", 16], ["LIMIT", 1]]
  [1m[35m (0.5ms)[0m  [1m[34mSELECT COUNT(*) FROM "comments" WHERE "comments"."post_id" = $1[0m  [["post_id", 28]]
  [1m[36mUser Load (0.7ms)[0m  [1m[34mSELECT  "users".* FROM "users" WHERE "users"."id" = $1 LIMIT $2[0m  [["id", 17], ["LIMIT", 1]]
  [1m[35m (0.5ms)[0m  [1m[34mSELECT COUNT(*) FROM "comments" WHERE "comments"."post_id" = $1[0m  [["post_id", 29]]
  [1m[36mUser Load (0.5ms)[0m  [1m[34mSELECT  "users".* FROM "users" WHERE "users"."id" = $1 LIMIT $2[0m  [["id", 18], ["LIMIT", 1]]
  [1m[35m (0.5ms)[0m  [1m[34mSELECT COUNT(*) FROM "comments" WHERE "comments"."post_id" = $1[0m  [["post_id", 30]]
  [1m[36mUser Load (0.5ms)[0m  [1m[34mSELECT  "users".* FROM "users" WHERE "users"."id" = $1 LIMIT $2[0m  [["id", 19], ["LIMIT", 1]]
  [1m[35m (0.4ms)[0m  [1m[34mSELECT COUNT(*) FROM "comments" WHERE "comments"."post_id" = $1[0m  [["post_id", 31]]
  [1m[36mUser Load (0.6ms)[0m  [1m[34mSELECT  "users".* FROM "users" WHERE "users"."id" = $1 LIMIT $2[0m  [["id", 20], ["LIMIT", 1]]
  [1m[35m (0.4ms)[0m  [1m[34mSELECT COUNT(*) FROM "comments" WHERE "comments"."post_id" = $1[0m  [["post_id", 32]]
  [1m[36mUser Load (0.7ms)[0m  [1m[34mSELECT  "users".* FROM "users" WHERE "users"."id" = $1 LIMIT $2[0m  [["id", 21], ["LIMIT", 1]]
  [1m[35m (0.8ms)[0m  [1m[34mSELECT COUNT(*) FROM "comments" WHERE "comments"."post_id" = $1[0m  [["post_id", 33]]
  Rendered posts/index.html.erb within layouts/application (175.4ms)
Completed 200 OK in 716ms (Views: 607.8ms | ActiveRecord: 87.7ms)


Started GET "/" for ::1 at 2019-08-05 21:32:45 -0400
Processing by PostsController#index as HTML
Completed 500 Internal Server Error in 5ms (ActiveRecord: 0.0ms)


  
SyntaxError (/Users/jacky/Desafio_LATAM_2019/Ruby_on_Rails/Desafios/Desafio_Manejo_de_accesos/E20-blog/app/models/ability.rb:42: syntax error, unexpected keyword_end, expecting end-of-input):
  
app/models/ability.rb:42: syntax error, unexpected keyword_end, expecting end-of-input
Started GET "/" for ::1 at 2019-08-05 21:34:28 -0400
Processing by PostsController#index as HTML
Completed 500 Internal Server Error in 5ms (ActiveRecord: 0.0ms)


  
SyntaxError (/Users/jacky/Desafio_LATAM_2019/Ruby_on_Rails/Desafios/Desafio_Manejo_de_accesos/E20-blog/app/models/ability.rb:42: syntax error, unexpected keyword_end, expecting end-of-input):
  
app/models/ability.rb:42: syntax error, unexpected keyword_end, expecting end-of-input
Started GET "/" for ::1 at 2019-08-05 21:34:54 -0400
Processing by PostsController#index as HTML
  Rendering posts/index.html.erb within layouts/application
  [1m[36mPost Load (0.7ms)[0m  [1m[34mSELECT "posts".* FROM "posts"[0m
  [1m[36mUser Load (0.4ms)[0m  [1m[34mSELECT  "users".* FROM "users" WHERE "users"."id" = $1 LIMIT $2[0m  [["id", 13], ["LIMIT", 1]]
  [1m[35m (0.5ms)[0m  [1m[34mSELECT COUNT(*) FROM "comments" WHERE "comments"."post_id" = $1[0m  [["post_id", 25]]
  [1m[36mUser Load (0.5ms)[0m  [1m[34mSELECT  "users".* FROM "users" WHERE "users"."id" = $1 LIMIT $2[0m  [["id", 14], ["LIMIT", 1]]
  [1m[35m (0.5ms)[0m  [1m[34mSELECT COUNT(*) FROM "comments" WHERE "comments"."post_id" = $1[0m  [["post_id", 26]]
  [1m[36mUser Load (0.5ms)[0m  [1m[34mSELECT  "users".* FROM "users" WHERE "users"."id" = $1 LIMIT $2[0m  [["id", 15], ["LIMIT", 1]]
  [1m[35m (0.4ms)[0m  [1m[34mSELECT COUNT(*) FROM "comments" WHERE "comments"."post_id" = $1[0m  [["post_id", 27]]
  [1m[36mUser Load (0.5ms)[0m  [1m[34mSELECT  "users".* FROM "users" WHERE "users"."id" = $1 LIMIT $2[0m  [["id", 16], ["LIMIT", 1]]
  [1m[35m (0.5ms)[0m  [1m[34mSELECT COUNT(*) FROM "comments" WHERE "comments"."post_id" = $1[0m  [["post_id", 28]]
  [1m[36mUser Load (0.5ms)[0m  [1m[34mSELECT  "users".* FROM "users" WHERE "users"."id" = $1 LIMIT $2[0m  [["id", 17], ["LIMIT", 1]]
  [1m[35m (0.7ms)[0m  [1m[34mSELECT COUNT(*) FROM "comments" WHERE "comments"."post_id" = $1[0m  [["post_id", 29]]
  [1m[36mUser Load (0.7ms)[0m  [1m[34mSELECT  "users".* FROM "users" WHERE "users"."id" = $1 LIMIT $2[0m  [["id", 18], ["LIMIT", 1]]
  [1m[35m (0.5ms)[0m  [1m[34mSELECT COUNT(*) FROM "comments" WHERE "comments"."post_id" = $1[0m  [["post_id", 30]]
  [1m[36mUser Load (0.5ms)[0m  [1m[34mSELECT  "users".* FROM "users" WHERE "users"."id" = $1 LIMIT $2[0m  [["id", 19], ["LIMIT", 1]]
  [1m[35m (0.4ms)[0m  [1m[34mSELECT COUNT(*) FROM "comments" WHERE "comments"."post_id" = $1[0m  [["post_id", 31]]
  [1m[36mUser Load (0.5ms)[0m  [1m[34mSELECT  "users".* FROM "users" WHERE "users"."id" = $1 LIMIT $2[0m  [["id", 20], ["LIMIT", 1]]
  [1m[35m (0.5ms)[0m  [1m[34mSELECT COUNT(*) FROM "comments" WHERE "comments"."post_id" = $1[0m  [["post_id", 32]]
  [1m[36mUser Load (0.5ms)[0m  [1m[34mSELECT  "users".* FROM "users" WHERE "users"."id" = $1 LIMIT $2[0m  [["id", 21], ["LIMIT", 1]]
  [1m[35m (0.4ms)[0m  [1m[34mSELECT COUNT(*) FROM "comments" WHERE "comments"."post_id" = $1[0m  [["post_id", 33]]
  Rendered posts/index.html.erb within layouts/application (54.4ms)
Completed 200 OK in 114ms (Views: 62.1ms | ActiveRecord: 23.5ms)


Started DELETE "/posts/25" for ::1 at 2019-08-05 21:35:07 -0400
Processing by PostsController#destroy as HTML
  Parameters: {"authenticity_token"=>"zcCHdhJ8SX4dLYUbmUIoTEmeNXISk7tWnWT9EDKJ/G2pP/q90GwFHmH84AzVz14zQ7Z37r2Ww84gvJLBZU37nA==", "id"=>"25"}
  [1m[36mPost Load (0.3ms)[0m  [1m[34mSELECT  "posts".* FROM "posts" WHERE "posts"."id" = $1 LIMIT $2[0m  [["id", 25], ["LIMIT", 1]]
Completed 500 Internal Server Error in 19ms (ActiveRecord: 0.3ms)


  
CanCan::AccessDenied (You are not authorized to access this page.):
  
cancancan (3.0.1) lib/cancan/ability.rb:180:in `authorize!'
cancancan (3.0.1) lib/cancan/controller_additions.rb:339:in `authorize!'
cancancan (3.0.1) lib/cancan/controller_resource.rb:40:in `authorize_resource'
cancancan (3.0.1) lib/cancan/controller_resource.rb:34:in `load_and_authorize_resource'
cancancan (3.0.1) lib/cancan/controller_resource.rb:17:in `block in add_before_action'
activesupport (5.1.7) lib/active_support/callbacks.rb:413:in `instance_exec'
activesupport (5.1.7) lib/active_support/callbacks.rb:413:in `block in make_lambda'
activesupport (5.1.7) lib/active_support/callbacks.rb:197:in `block (2 levels) in halting'
actionpack (5.1.7) lib/abstract_controller/callbacks.rb:12:in `block (2 levels) in <module:Callbacks>'
activesupport (5.1.7) lib/active_support/callbacks.rb:198:in `block in halting'
activesupport (5.1.7) lib/active_support/callbacks.rb:507:in `block in invoke_before'
activesupport (5.1.7) lib/active_support/callbacks.rb:507:in `each'
activesupport (5.1.7) lib/active_support/callbacks.rb:507:in `invoke_before'
activesupport (5.1.7) lib/active_support/callbacks.rb:130:in `run_callbacks'
actionpack (5.1.7) lib/abstract_controller/callbacks.rb:19:in `process_action'
actionpack (5.1.7) lib/action_controller/metal/rescue.rb:20:in `process_action'
actionpack (5.1.7) lib/action_controller/metal/instrumentation.rb:32:in `block in process_action'
activesupport (5.1.7) lib/active_support/notifications.rb:166:in `block in instrument'
activesupport (5.1.7) lib/active_support/notifications/instrumenter.rb:21:in `instrument'
activesupport (5.1.7) lib/active_support/notifications.rb:166:in `instrument'
actionpack (5.1.7) lib/action_controller/metal/instrumentation.rb:30:in `process_action'
actionpack (5.1.7) lib/action_controller/metal/params_wrapper.rb:252:in `process_action'
activerecord (5.1.7) lib/active_record/railties/controller_runtime.rb:22:in `process_action'
actionpack (5.1.7) lib/abstract_controller/base.rb:124:in `process'
actionview (5.1.7) lib/action_view/rendering.rb:30:in `process'
actionpack (5.1.7) lib/action_controller/metal.rb:189:in `dispatch'
actionpack (5.1.7) lib/action_controller/metal.rb:253:in `dispatch'
actionpack (5.1.7) lib/action_dispatch/routing/route_set.rb:49:in `dispatch'
actionpack (5.1.7) lib/action_dispatch/routing/route_set.rb:31:in `serve'
actionpack (5.1.7) lib/action_dispatch/journey/router.rb:50:in `block in serve'
actionpack (5.1.7) lib/action_dispatch/journey/router.rb:33:in `each'
actionpack (5.1.7) lib/action_dispatch/journey/router.rb:33:in `serve'
actionpack (5.1.7) lib/action_dispatch/routing/route_set.rb:844:in `call'
warden (1.2.8) lib/warden/manager.rb:36:in `block in call'
warden (1.2.8) lib/warden/manager.rb:34:in `catch'
warden (1.2.8) lib/warden/manager.rb:34:in `call'
rack (2.0.7) lib/rack/etag.rb:25:in `call'
rack (2.0.7) lib/rack/conditional_get.rb:38:in `call'
rack (2.0.7) lib/rack/head.rb:12:in `call'
rack (2.0.7) lib/rack/session/abstract/id.rb:232:in `context'
rack (2.0.7) lib/rack/session/abstract/id.rb:226:in `call'
actionpack (5.1.7) lib/action_dispatch/middleware/cookies.rb:613:in `call'
activerecord (5.1.7) lib/active_record/migration.rb:556:in `call'
actionpack (5.1.7) lib/action_dispatch/middleware/callbacks.rb:26:in `block in call'
activesupport (5.1.7) lib/active_support/callbacks.rb:97:in `run_callbacks'
actionpack (5.1.7) lib/action_dispatch/middleware/callbacks.rb:24:in `call'
actionpack (5.1.7) lib/action_dispatch/middleware/executor.rb:12:in `call'
actionpack (5.1.7) lib/action_dispatch/middleware/debug_exceptions.rb:59:in `call'
web-console (3.7.0) lib/web_console/middleware.rb:135:in `call_app'
web-console (3.7.0) lib/web_console/middleware.rb:30:in `block in call'
web-console (3.7.0) lib/web_console/middleware.rb:20:in `catch'
web-console (3.7.0) lib/web_console/middleware.rb:20:in `call'
actionpack (5.1.7) lib/action_dispatch/middleware/show_exceptions.rb:31:in `call'
railties (5.1.7) lib/rails/rack/logger.rb:36:in `call_app'
railties (5.1.7) lib/rails/rack/logger.rb:24:in `block in call'
activesupport (5.1.7) lib/active_support/tagged_logging.rb:69:in `block in tagged'
activesupport (5.1.7) lib/active_support/tagged_logging.rb:26:in `tagged'
activesupport (5.1.7) lib/active_support/tagged_logging.rb:69:in `tagged'
railties (5.1.7) lib/rails/rack/logger.rb:24:in `call'
sprockets-rails (3.2.1) lib/sprockets/rails/quiet_assets.rb:13:in `call'
actionpack (5.1.7) lib/action_dispatch/middleware/remote_ip.rb:79:in `call'
actionpack (5.1.7) lib/action_dispatch/middleware/request_id.rb:25:in `call'
rack (2.0.7) lib/rack/method_override.rb:22:in `call'
rack (2.0.7) lib/rack/runtime.rb:22:in `call'
activesupport (5.1.7) lib/active_support/cache/strategy/local_cache_middleware.rb:27:in `call'
actionpack (5.1.7) lib/action_dispatch/middleware/executor.rb:12:in `call'
actionpack (5.1.7) lib/action_dispatch/middleware/static.rb:125:in `call'
rack (2.0.7) lib/rack/sendfile.rb:111:in `call'
railties (5.1.7) lib/rails/engine.rb:522:in `call'
puma (3.12.1) lib/puma/configuration.rb:227:in `call'
puma (3.12.1) lib/puma/server.rb:660:in `handle_request'
puma (3.12.1) lib/puma/server.rb:474:in `process_client'
puma (3.12.1) lib/puma/server.rb:334:in `block in run'
puma (3.12.1) lib/puma/thread_pool.rb:135:in `block in spawn_thread'
Started GET "/users/sign_in" for ::1 at 2019-08-05 21:35:37 -0400
Processing by Users::SessionsController#new as HTML
  Rendering devise/sessions/new.html.erb within layouts/application
  Rendered devise/sessions/new.html.erb within layouts/application (12.5ms)
Completed 200 OK in 55ms (Views: 51.7ms | ActiveRecord: 0.0ms)


Started POST "/users/sign_in" for ::1 at 2019-08-05 21:35:52 -0400
Processing by Users::SessionsController#create as HTML
  Parameters: {"utf8"=>"✓", "authenticity_token"=>"uVDy4LmmDeGZiIDO4ILRS6eTGXGfuZITERwLCSjl8g3CetdzSNFAGlBI7b6yzxYq2NIYUw5E0mcDPL+BVcCK5g==", "user"=>{"email"=>"jacqueline.parra7@gmail.com", "password"=>"[FILTERED]", "remember_me"=>"1"}, "commit"=>"Iniciar sesión"}
  [1m[36mUser Load (44.8ms)[0m  [1m[34mSELECT  "users".* FROM "users" WHERE "users"."email" = $1 ORDER BY "users"."id" ASC LIMIT $2[0m  [["email", "jacqueline.parra7@gmail.com"], ["LIMIT", 1]]
Completed 401 Unauthorized in 210ms (ActiveRecord: 44.8ms)


Processing by Users::SessionsController#new as HTML
  Parameters: {"utf8"=>"✓", "authenticity_token"=>"uVDy4LmmDeGZiIDO4ILRS6eTGXGfuZITERwLCSjl8g3CetdzSNFAGlBI7b6yzxYq2NIYUw5E0mcDPL+BVcCK5g==", "user"=>{"email"=>"jacqueline.parra7@gmail.com", "password"=>"[FILTERED]", "remember_me"=>"1"}, "commit"=>"Iniciar sesión"}
  Rendering devise/sessions/new.html.erb within layouts/application
  Rendered devise/sessions/new.html.erb within layouts/application (4.5ms)
Completed 200 OK in 170ms (Views: 35.0ms | ActiveRecord: 0.0ms)


Started POST "/users/sign_in" for ::1 at 2019-08-05 21:35:56 -0400
Processing by Users::SessionsController#create as HTML
  Parameters: {"utf8"=>"✓", "authenticity_token"=>"DxGGOfWtP64F9dXb6UUaHCEpi75MHdgWjt5uE3zIm81r7vvyN71zznkksMylyGxjKwHJIuMYoI4zBgHCKwycPA==", "user"=>{"email"=>"jacqueline.parra7@gmail.com", "password"=>"[FILTERED]", "remember_me"=>"1"}, "commit"=>"Iniciar sesión"}
Completed 401 Unauthorized in 1ms (ActiveRecord: 0.0ms)


Processing by Users::SessionsController#new as HTML
  Parameters: {"utf8"=>"✓", "authenticity_token"=>"DxGGOfWtP64F9dXb6UUaHCEpi75MHdgWjt5uE3zIm81r7vvyN71zznkksMylyGxjKwHJIuMYoI4zBgHCKwycPA==", "user"=>{"email"=>"jacqueline.parra7@gmail.com", "password"=>"[FILTERED]", "remember_me"=>"1"}, "commit"=>"Iniciar sesión"}
  Rendering devise/sessions/new.html.erb within layouts/application
  Rendered devise/sessions/new.html.erb within layouts/application (3.6ms)
Completed 200 OK in 47ms (Views: 45.9ms | ActiveRecord: 0.0ms)


Started GET "/users/sign_up" for ::1 at 2019-08-05 21:36:09 -0400
Processing by Users::RegistrationsController#new as HTML
  Rendering devise/registrations/new.html.erb within layouts/application
DEPRECATION WARNING: [Devise] `DeviseHelper.devise_error_messages!`
is deprecated and it will be removed in the next major version.
To customize the errors styles please run `rails g devise:views` and modify the
`devise/shared/error_messages` partial.
 (called from _app_views_devise_registrations_new_html_erb__1656082116662610688_70170236911880 at /Users/jacky/Desafio_LATAM_2019/Ruby_on_Rails/Desafios/Desafio_Manejo_de_accesos/E20-blog/app/views/devise/registrations/new.html.erb:1)
  Rendered devise/registrations/new.html.erb within layouts/application (2.8ms)
Completed 200 OK in 39ms (Views: 37.1ms | ActiveRecord: 0.0ms)


Started POST "/users" for ::1 at 2019-08-05 21:36:28 -0400
Processing by Users::RegistrationsController#create as HTML
  Parameters: {"utf8"=>"✓", "authenticity_token"=>"be++fwk/HszaXf7EfFm8ZDkJYVcjCqWlMKCEWReFkdnWDYjfVHh3cxfy1M0a8AhgxcrmzFX31+l/nvn1uo/dhw==", "user"=>{"name"=>"Jacqueline", "email"=>"jacqueline.parra7@gmail.com", "password"=>"[FILTERED]", "password_confirmation"=>"[FILTERED]"}, "commit"=>"Registrarse"}
  [1m[35m (0.4ms)[0m  [1m[35mBEGIN[0m
  [1m[36mUser Exists (0.5ms)[0m  [1m[34mSELECT  1 AS one FROM "users" WHERE "users"."email" = $1 LIMIT $2[0m  [["email", "jacqueline.parra7@gmail.com"], ["LIMIT", 1]]
  [1m[35m (0.2ms)[0m  [1m[31mROLLBACK[0m
  Rendering devise/registrations/new.html.erb within layouts/application
DEPRECATION WARNING: [Devise] `DeviseHelper.devise_error_messages!`
is deprecated and it will be removed in the next major version.
To customize the errors styles please run `rails g devise:views` and modify the
`devise/shared/error_messages` partial.
 (called from _app_views_devise_registrations_new_html_erb__1656082116662610688_70170245387020 at /Users/jacky/Desafio_LATAM_2019/Ruby_on_Rails/Desafios/Desafio_Manejo_de_accesos/E20-blog/app/views/devise/registrations/new.html.erb:1)
  Rendered /Users/jacky/.rvm/gems/ruby-2.3.3/bundler/gems/devise-df43a3560a8a/app/views/devise/shared/_error_messages.html.erb (1.2ms)
  Rendered devise/registrations/new.html.erb within layouts/application (8.2ms)
Completed 200 OK in 208ms (Views: 42.0ms | ActiveRecord: 1.1ms)


Started POST "/users" for ::1 at 2019-08-05 21:36:53 -0400
Processing by Users::RegistrationsController#create as HTML
  Parameters: {"utf8"=>"✓", "authenticity_token"=>"Yll3mEEv6nVXlrfajX4iGbrnzciv8MfWx1nOVS1jrxYGpgpTgz+mFStH0s3B81RmsM+PVAD1v056gaGEeqeo5w==", "user"=>{"name"=>"jacqueline", "email"=>"jacqueline.parra7@gmail.com", "password"=>"[FILTERED]", "password_confirmation"=>"[FILTERED]"}, "commit"=>"Registrarse"}
  [1m[35m (0.3ms)[0m  [1m[35mBEGIN[0m
  [1m[36mUser Exists (0.5ms)[0m  [1m[34mSELECT  1 AS one FROM "users" WHERE "users"."email" = $1 LIMIT $2[0m  [["email", "jacqueline.parra7@gmail.com"], ["LIMIT", 1]]
  [1m[35m (0.2ms)[0m  [1m[31mROLLBACK[0m
  Rendering devise/registrations/new.html.erb within layouts/application
DEPRECATION WARNING: [Devise] `DeviseHelper.devise_error_messages!`
is deprecated and it will be removed in the next major version.
To customize the errors styles please run `rails g devise:views` and modify the
`devise/shared/error_messages` partial.
 (called from _app_views_devise_registrations_new_html_erb__1656082116662610688_70170214757700 at /Users/jacky/Desafio_LATAM_2019/Ruby_on_Rails/Desafios/Desafio_Manejo_de_accesos/E20-blog/app/views/devise/registrations/new.html.erb:1)
  Rendered /Users/jacky/.rvm/gems/ruby-2.3.3/bundler/gems/devise-df43a3560a8a/app/views/devise/shared/_error_messages.html.erb (1.0ms)
  Rendered devise/registrations/new.html.erb within layouts/application (7.2ms)
Completed 200 OK in 196ms (Views: 37.8ms | ActiveRecord: 1.1ms)


Started POST "/users" for ::1 at 2019-08-05 21:37:28 -0400
Processing by Users::RegistrationsController#create as HTML
  Parameters: {"utf8"=>"✓", "authenticity_token"=>"jvaSe9pUGAP3gDSy+Ptxl26Pnp5nK/mlEbaNLVbhqHfqCe+wGERUY4tRUaW0dgfoZKfcAsgugT2sbuL8ASWvhg==", "user"=>{"name"=>"jacqueline", "email"=>"jacqueline.parra@gmail.com", "password"=>"[FILTERED]", "password_confirmation"=>"[FILTERED]"}, "commit"=>"Registrarse"}
  [1m[35m (0.2ms)[0m  [1m[35mBEGIN[0m
  [1m[36mUser Exists (0.4ms)[0m  [1m[34mSELECT  1 AS one FROM "users" WHERE "users"."email" = $1 LIMIT $2[0m  [["email", "jacqueline.parra@gmail.com"], ["LIMIT", 1]]
  [1m[35m (0.2ms)[0m  [1m[31mROLLBACK[0m
  Rendering devise/registrations/new.html.erb within layouts/application
DEPRECATION WARNING: [Devise] `DeviseHelper.devise_error_messages!`
is deprecated and it will be removed in the next major version.
To customize the errors styles please run `rails g devise:views` and modify the
`devise/shared/error_messages` partial.
 (called from _app_views_devise_registrations_new_html_erb__1656082116662610688_70170183935980 at /Users/jacky/Desafio_LATAM_2019/Ruby_on_Rails/Desafios/Desafio_Manejo_de_accesos/E20-blog/app/views/devise/registrations/new.html.erb:1)
  Rendered /Users/jacky/.rvm/gems/ruby-2.3.3/bundler/gems/devise-df43a3560a8a/app/views/devise/shared/_error_messages.html.erb (1.1ms)
  Rendered devise/registrations/new.html.erb within layouts/application (7.1ms)
Completed 200 OK in 199ms (Views: 39.9ms | ActiveRecord: 0.8ms)


Started POST "/users" for ::1 at 2019-08-05 21:37:40 -0400
Processing by Users::RegistrationsController#create as HTML
  Parameters: {"utf8"=>"✓", "authenticity_token"=>"EZhAFxuZ7Kkek4qgW8Dt/L2diy4ouQAkwUI2E3qg4UF1Zz3c2YmgyWJC77cXTZuDt7XJsoe8eLx8mlnCLWTmsA==", "user"=>{"name"=>"jacqueline", "email"=>"jacqueline.parra@gmail.com", "password"=>"[FILTERED]", "password_confirmation"=>"[FILTERED]"}, "commit"=>"Registrarse"}
  [1m[35m (0.3ms)[0m  [1m[35mBEGIN[0m
  [1m[36mUser Exists (0.5ms)[0m  [1m[34mSELECT  1 AS one FROM "users" WHERE "users"."email" = $1 LIMIT $2[0m  [["email", "jacqueline.parra@gmail.com"], ["LIMIT", 1]]
  [1m[35mSQL (11.6ms)[0m  [1m[32mINSERT INTO "users" ("email", "encrypted_password", "created_at", "updated_at", "name") VALUES ($1, $2, $3, $4, $5) RETURNING "id"[0m  [["email", "jacqueline.parra@gmail.com"], ["encrypted_password", "$2a$11$xMksW/xQA9ux6Gj0SQC2N.t8zD0nFrKvvUk.1NHNrPtKg0GWWB07G"], ["created_at", "2019-08-06 01:37:40.536389"], ["updated_at", "2019-08-06 01:37:40.536389"], ["name", "jacqueline"]]
  [1m[35m (2.3ms)[0m  [1m[35mCOMMIT[0m
  [1m[35m (0.2ms)[0m  [1m[35mBEGIN[0m
  [1m[35mSQL (5.9ms)[0m  [1m[33mUPDATE "users" SET "sign_in_count" = $1, "current_sign_in_at" = $2, "last_sign_in_at" = $3, "current_sign_in_ip" = $4, "last_sign_in_ip" = $5, "updated_at" = $6 WHERE "users"."id" = $7[0m  [["sign_in_count", 1], ["current_sign_in_at", "2019-08-06 01:37:40.552963"], ["last_sign_in_at", "2019-08-06 01:37:40.552963"], ["current_sign_in_ip", "::1/128"], ["last_sign_in_ip", "::1/128"], ["updated_at", "2019-08-06 01:37:40.553769"], ["id", 23]]
  [1m[35m (1.4ms)[0m  [1m[35mCOMMIT[0m
Redirected to http://localhost:3000/
Completed 302 Found in 189ms (ActiveRecord: 22.2ms)


Started GET "/" for ::1 at 2019-08-05 21:37:40 -0400
Processing by PostsController#index as HTML
  [1m[36mUser Load (0.5ms)[0m  [1m[34mSELECT  "users".* FROM "users" WHERE "users"."id" = $1 ORDER BY "users"."id" ASC LIMIT $2[0m  [["id", 23], ["LIMIT", 1]]
  Rendering posts/index.html.erb within layouts/application
  [1m[36mPost Load (0.5ms)[0m  [1m[34mSELECT "posts".* FROM "posts"[0m
  [1m[36mUser Load (0.4ms)[0m  [1m[34mSELECT  "users".* FROM "users" WHERE "users"."id" = $1 LIMIT $2[0m  [["id", 13], ["LIMIT", 1]]
  [1m[35m (0.5ms)[0m  [1m[34mSELECT COUNT(*) FROM "comments" WHERE "comments"."post_id" = $1[0m  [["post_id", 25]]
  [1m[36mUser Load (0.5ms)[0m  [1m[34mSELECT  "users".* FROM "users" WHERE "users"."id" = $1 LIMIT $2[0m  [["id", 14], ["LIMIT", 1]]
  [1m[35m (0.5ms)[0m  [1m[34mSELECT COUNT(*) FROM "comments" WHERE "comments"."post_id" = $1[0m  [["post_id", 26]]
  [1m[36mUser Load (0.5ms)[0m  [1m[34mSELECT  "users".* FROM "users" WHERE "users"."id" = $1 LIMIT $2[0m  [["id", 15], ["LIMIT", 1]]
  [1m[35m (0.4ms)[0m  [1m[34mSELECT COUNT(*) FROM "comments" WHERE "comments"."post_id" = $1[0m  [["post_id", 27]]
  [1m[36mUser Load (0.8ms)[0m  [1m[34mSELECT  "users".* FROM "users" WHERE "users"."id" = $1 LIMIT $2[0m  [["id", 16], ["LIMIT", 1]]
  [1m[35m (0.8ms)[0m  [1m[34mSELECT COUNT(*) FROM "comments" WHERE "comments"."post_id" = $1[0m  [["post_id", 28]]
  [1m[36mUser Load (0.5ms)[0m  [1m[34mSELECT  "users".* FROM "users" WHERE "users"."id" = $1 LIMIT $2[0m  [["id", 17], ["LIMIT", 1]]
  [1m[35m (0.4ms)[0m  [1m[34mSELECT COUNT(*) FROM "comments" WHERE "comments"."post_id" = $1[0m  [["post_id", 29]]
  [1m[36mUser Load (0.5ms)[0m  [1m[34mSELECT  "users".* FROM "users" WHERE "users"."id" = $1 LIMIT $2[0m  [["id", 18], ["LIMIT", 1]]
  [1m[35m (0.4ms)[0m  [1m[34mSELECT COUNT(*) FROM "comments" WHERE "comments"."post_id" = $1[0m  [["post_id", 30]]
  [1m[36mUser Load (0.5ms)[0m  [1m[34mSELECT  "users".* FROM "users" WHERE "users"."id" = $1 LIMIT $2[0m  [["id", 19], ["LIMIT", 1]]
  [1m[35m (0.5ms)[0m  [1m[34mSELECT COUNT(*) FROM "comments" WHERE "comments"."post_id" = $1[0m  [["post_id", 31]]
  [1m[36mUser Load (0.5ms)[0m  [1m[34mSELECT  "users".* FROM "users" WHERE "users"."id" = $1 LIMIT $2[0m  [["id", 20], ["LIMIT", 1]]
  [1m[35m (0.9ms)[0m  [1m[34mSELECT COUNT(*) FROM "comments" WHERE "comments"."post_id" = $1[0m  [["post_id", 32]]
  [1m[36mUser Load (0.6ms)[0m  [1m[34mSELECT  "users".* FROM "users" WHERE "users"."id" = $1 LIMIT $2[0m  [["id", 21], ["LIMIT", 1]]
  [1m[35m (0.5ms)[0m  [1m[34mSELECT COUNT(*) FROM "comments" WHERE "comments"."post_id" = $1[0m  [["post_id", 33]]
  Rendered posts/index.html.erb within layouts/application (36.2ms)
Completed 200 OK in 68ms (Views: 49.7ms | ActiveRecord: 10.6ms)


Started DELETE "/posts/25" for ::1 at 2019-08-05 21:37:52 -0400
Processing by PostsController#destroy as HTML
  Parameters: {"authenticity_token"=>"9RiA2+EpkMHYOY6dmp4H98UNB1mYDgFgcVjOK0wFeTuR5/0QIzncoaTo64rWE3GIzyVFxTcLefjMgKH6G8F+yg==", "id"=>"25"}
  [1m[36mPost Load (0.8ms)[0m  [1m[34mSELECT  "posts".* FROM "posts" WHERE "posts"."id" = $1 LIMIT $2[0m  [["id", 25], ["LIMIT", 1]]
  [1m[36mUser Load (1.1ms)[0m  [1m[34mSELECT  "users".* FROM "users" WHERE "users"."id" = $1 ORDER BY "users"."id" ASC LIMIT $2[0m  [["id", 23], ["LIMIT", 1]]
Completed 500 Internal Server Error in 9ms (ActiveRecord: 1.9ms)


  
CanCan::AccessDenied (You are not authorized to access this page.):
  
cancancan (3.0.1) lib/cancan/ability.rb:180:in `authorize!'
cancancan (3.0.1) lib/cancan/controller_additions.rb:339:in `authorize!'
cancancan (3.0.1) lib/cancan/controller_resource.rb:40:in `authorize_resource'
cancancan (3.0.1) lib/cancan/controller_resource.rb:34:in `load_and_authorize_resource'
cancancan (3.0.1) lib/cancan/controller_resource.rb:17:in `block in add_before_action'
activesupport (5.1.7) lib/active_support/callbacks.rb:413:in `instance_exec'
activesupport (5.1.7) lib/active_support/callbacks.rb:413:in `block in make_lambda'
activesupport (5.1.7) lib/active_support/callbacks.rb:197:in `block (2 levels) in halting'
actionpack (5.1.7) lib/abstract_controller/callbacks.rb:12:in `block (2 levels) in <module:Callbacks>'
activesupport (5.1.7) lib/active_support/callbacks.rb:198:in `block in halting'
activesupport (5.1.7) lib/active_support/callbacks.rb:507:in `block in invoke_before'
activesupport (5.1.7) lib/active_support/callbacks.rb:507:in `each'
activesupport (5.1.7) lib/active_support/callbacks.rb:507:in `invoke_before'
activesupport (5.1.7) lib/active_support/callbacks.rb:130:in `run_callbacks'
actionpack (5.1.7) lib/abstract_controller/callbacks.rb:19:in `process_action'
actionpack (5.1.7) lib/action_controller/metal/rescue.rb:20:in `process_action'
actionpack (5.1.7) lib/action_controller/metal/instrumentation.rb:32:in `block in process_action'
activesupport (5.1.7) lib/active_support/notifications.rb:166:in `block in instrument'
activesupport (5.1.7) lib/active_support/notifications/instrumenter.rb:21:in `instrument'
activesupport (5.1.7) lib/active_support/notifications.rb:166:in `instrument'
actionpack (5.1.7) lib/action_controller/metal/instrumentation.rb:30:in `process_action'
actionpack (5.1.7) lib/action_controller/metal/params_wrapper.rb:252:in `process_action'
activerecord (5.1.7) lib/active_record/railties/controller_runtime.rb:22:in `process_action'
actionpack (5.1.7) lib/abstract_controller/base.rb:124:in `process'
actionview (5.1.7) lib/action_view/rendering.rb:30:in `process'
actionpack (5.1.7) lib/action_controller/metal.rb:189:in `dispatch'
actionpack (5.1.7) lib/action_controller/metal.rb:253:in `dispatch'
actionpack (5.1.7) lib/action_dispatch/routing/route_set.rb:49:in `dispatch'
actionpack (5.1.7) lib/action_dispatch/routing/route_set.rb:31:in `serve'
actionpack (5.1.7) lib/action_dispatch/journey/router.rb:50:in `block in serve'
actionpack (5.1.7) lib/action_dispatch/journey/router.rb:33:in `each'
actionpack (5.1.7) lib/action_dispatch/journey/router.rb:33:in `serve'
actionpack (5.1.7) lib/action_dispatch/routing/route_set.rb:844:in `call'
warden (1.2.8) lib/warden/manager.rb:36:in `block in call'
warden (1.2.8) lib/warden/manager.rb:34:in `catch'
warden (1.2.8) lib/warden/manager.rb:34:in `call'
rack (2.0.7) lib/rack/etag.rb:25:in `call'
rack (2.0.7) lib/rack/conditional_get.rb:38:in `call'
rack (2.0.7) lib/rack/head.rb:12:in `call'
rack (2.0.7) lib/rack/session/abstract/id.rb:232:in `context'
rack (2.0.7) lib/rack/session/abstract/id.rb:226:in `call'
actionpack (5.1.7) lib/action_dispatch/middleware/cookies.rb:613:in `call'
activerecord (5.1.7) lib/active_record/migration.rb:556:in `call'
actionpack (5.1.7) lib/action_dispatch/middleware/callbacks.rb:26:in `block in call'
activesupport (5.1.7) lib/active_support/callbacks.rb:97:in `run_callbacks'
actionpack (5.1.7) lib/action_dispatch/middleware/callbacks.rb:24:in `call'
actionpack (5.1.7) lib/action_dispatch/middleware/executor.rb:12:in `call'
actionpack (5.1.7) lib/action_dispatch/middleware/debug_exceptions.rb:59:in `call'
web-console (3.7.0) lib/web_console/middleware.rb:135:in `call_app'
web-console (3.7.0) lib/web_console/middleware.rb:30:in `block in call'
web-console (3.7.0) lib/web_console/middleware.rb:20:in `catch'
web-console (3.7.0) lib/web_console/middleware.rb:20:in `call'
actionpack (5.1.7) lib/action_dispatch/middleware/show_exceptions.rb:31:in `call'
railties (5.1.7) lib/rails/rack/logger.rb:36:in `call_app'
railties (5.1.7) lib/rails/rack/logger.rb:24:in `block in call'
activesupport (5.1.7) lib/active_support/tagged_logging.rb:69:in `block in tagged'
activesupport (5.1.7) lib/active_support/tagged_logging.rb:26:in `tagged'
activesupport (5.1.7) lib/active_support/tagged_logging.rb:69:in `tagged'
railties (5.1.7) lib/rails/rack/logger.rb:24:in `call'
sprockets-rails (3.2.1) lib/sprockets/rails/quiet_assets.rb:13:in `call'
actionpack (5.1.7) lib/action_dispatch/middleware/remote_ip.rb:79:in `call'
actionpack (5.1.7) lib/action_dispatch/middleware/request_id.rb:25:in `call'
rack (2.0.7) lib/rack/method_override.rb:22:in `call'
rack (2.0.7) lib/rack/runtime.rb:22:in `call'
activesupport (5.1.7) lib/active_support/cache/strategy/local_cache_middleware.rb:27:in `call'
actionpack (5.1.7) lib/action_dispatch/middleware/executor.rb:12:in `call'
actionpack (5.1.7) lib/action_dispatch/middleware/static.rb:125:in `call'
rack (2.0.7) lib/rack/sendfile.rb:111:in `call'
railties (5.1.7) lib/rails/engine.rb:522:in `call'
puma (3.12.1) lib/puma/configuration.rb:227:in `call'
puma (3.12.1) lib/puma/server.rb:660:in `handle_request'
puma (3.12.1) lib/puma/server.rb:474:in `process_client'
puma (3.12.1) lib/puma/server.rb:334:in `block in run'
puma (3.12.1) lib/puma/thread_pool.rb:135:in `block in spawn_thread'
  [1m[36mUser Load (0.8ms)[0m  [1m[34mSELECT  "users".* FROM "users" ORDER BY "users"."id" DESC LIMIT $1[0m  [["LIMIT", 1]]
  [1m[35m (0.3ms)[0m  [1m[34mSELECT pg_try_advisory_lock(7410115512844159290)[0m
  [1m[35m (1.2ms)[0m  [1m[34mSELECT "schema_migrations"."version" FROM "schema_migrations" ORDER BY "schema_migrations"."version" ASC[0m
Migrating to AddColumnToUser (20190806014045)
  [1m[35m (0.3ms)[0m  [1m[35mBEGIN[0m
  [1m[35m (16.7ms)[0m  [1m[35mALTER TABLE "users" ADD "role" integer[0m
  [1m[35mSQL (0.6ms)[0m  [1m[32mINSERT INTO "schema_migrations" ("version") VALUES ($1) RETURNING "version"[0m  [["version", "20190806014045"]]
  [1m[35m (1.4ms)[0m  [1m[35mCOMMIT[0m
  [1m[36mActiveRecord::InternalMetadata Load (0.5ms)[0m  [1m[34mSELECT  "ar_internal_metadata".* FROM "ar_internal_metadata" WHERE "ar_internal_metadata"."key" = $1 LIMIT $2[0m  [["key", "environment"], ["LIMIT", 1]]
  [1m[35m (0.2ms)[0m  [1m[35mBEGIN[0m
  [1m[35m (0.2ms)[0m  [1m[35mCOMMIT[0m
  [1m[35m (0.3ms)[0m  [1m[34mSELECT pg_advisory_unlock(7410115512844159290)[0m
  [1m[35m (0.5ms)[0m  [1m[34mSELECT "schema_migrations"."version" FROM "schema_migrations" ORDER BY "schema_migrations"."version" ASC[0m
  [1m[36mUser Load (0.8ms)[0m  [1m[34mSELECT  "users".* FROM "users" ORDER BY "users"."id" DESC LIMIT $1[0m  [["LIMIT", 1]]
Started GET "/" for ::1 at 2019-08-05 21:42:04 -0400
  [1m[35m (0.3ms)[0m  [1m[34mSELECT "schema_migrations"."version" FROM "schema_migrations" ORDER BY "schema_migrations"."version" ASC[0m
Processing by PostsController#index as HTML
  [1m[36mUser Load (0.8ms)[0m  [1m[34mSELECT  "users".* FROM "users" WHERE "users"."id" = $1 ORDER BY "users"."id" ASC LIMIT $2[0m  [["id", 23], ["LIMIT", 1]]
  Rendering posts/index.html.erb within layouts/application
  [1m[36mPost Load (0.8ms)[0m  [1m[34mSELECT "posts".* FROM "posts"[0m
  [1m[36mUser Load (0.7ms)[0m  [1m[34mSELECT  "users".* FROM "users" WHERE "users"."id" = $1 LIMIT $2[0m  [["id", 13], ["LIMIT", 1]]
  [1m[36mUser Load (0.4ms)[0m  [1m[34mSELECT  "users".* FROM "users" WHERE "users"."id" = $1 LIMIT $2[0m  [["id", 13], ["LIMIT", 1]]
  [1m[35m (0.4ms)[0m  [1m[34mSELECT COUNT(*) FROM "comments" WHERE "comments"."post_id" = $1[0m  [["post_id", 25]]
  [1m[36mUser Load (0.5ms)[0m  [1m[34mSELECT  "users".* FROM "users" WHERE "users"."id" = $1 LIMIT $2[0m  [["id", 14], ["LIMIT", 1]]
  [1m[35m (0.5ms)[0m  [1m[34mSELECT COUNT(*) FROM "comments" WHERE "comments"."post_id" = $1[0m  [["post_id", 26]]
  [1m[36mUser Load (0.5ms)[0m  [1m[34mSELECT  "users".* FROM "users" WHERE "users"."id" = $1 LIMIT $2[0m  [["id", 15], ["LIMIT", 1]]
  [1m[35m (0.5ms)[0m  [1m[34mSELECT COUNT(*) FROM "comments" WHERE "comments"."post_id" = $1[0m  [["post_id", 27]]
  [1m[36mUser Load (0.5ms)[0m  [1m[34mSELECT  "users".* FROM "users" WHERE "users"."id" = $1 LIMIT $2[0m  [["id", 16], ["LIMIT", 1]]
  [1m[35m (0.5ms)[0m  [1m[34mSELECT COUNT(*) FROM "comments" WHERE "comments"."post_id" = $1[0m  [["post_id", 28]]
  [1m[36mUser Load (0.5ms)[0m  [1m[34mSELECT  "users".* FROM "users" WHERE "users"."id" = $1 LIMIT $2[0m  [["id", 17], ["LIMIT", 1]]
  [1m[35m (2.8ms)[0m  [1m[34mSELECT COUNT(*) FROM "comments" WHERE "comments"."post_id" = $1[0m  [["post_id", 29]]
  [1m[36mUser Load (0.6ms)[0m  [1m[34mSELECT  "users".* FROM "users" WHERE "users"."id" = $1 LIMIT $2[0m  [["id", 18], ["LIMIT", 1]]
  [1m[35m (0.5ms)[0m  [1m[34mSELECT COUNT(*) FROM "comments" WHERE "comments"."post_id" = $1[0m  [["post_id", 30]]
  [1m[36mUser Load (0.5ms)[0m  [1m[34mSELECT  "users".* FROM "users" WHERE "users"."id" = $1 LIMIT $2[0m  [["id", 19], ["LIMIT", 1]]
  [1m[35m (0.5ms)[0m  [1m[34mSELECT COUNT(*) FROM "comments" WHERE "comments"."post_id" = $1[0m  [["post_id", 31]]
  [1m[36mUser Load (0.5ms)[0m  [1m[34mSELECT  "users".* FROM "users" WHERE "users"."id" = $1 LIMIT $2[0m  [["id", 20], ["LIMIT", 1]]
  [1m[35m (0.4ms)[0m  [1m[34mSELECT COUNT(*) FROM "comments" WHERE "comments"."post_id" = $1[0m  [["post_id", 32]]
  [1m[36mUser Load (0.5ms)[0m  [1m[34mSELECT  "users".* FROM "users" WHERE "users"."id" = $1 LIMIT $2[0m  [["id", 21], ["LIMIT", 1]]
  [1m[35m (0.5ms)[0m  [1m[34mSELECT COUNT(*) FROM "comments" WHERE "comments"."post_id" = $1[0m  [["post_id", 33]]
  Rendered posts/index.html.erb within layouts/application (58.0ms)
Completed 200 OK in 116ms (Views: 63.0ms | ActiveRecord: 26.8ms)


  [1m[36mUser Load (0.9ms)[0m  [1m[34mSELECT  "users".* FROM "users" ORDER BY "users"."id" DESC LIMIT $1[0m  [["LIMIT", 1]]
  [1m[35m (0.3ms)[0m  [1m[35mBEGIN[0m
  [1m[35mSQL (1.6ms)[0m  [1m[33mUPDATE "users" SET "role" = $1, "updated_at" = $2 WHERE "users"."id" = $3[0m  [["role", 0], ["updated_at", "2019-08-06 01:42:49.129098"], ["id", 23]]
  [1m[35m (1.6ms)[0m  [1m[35mCOMMIT[0m
Started GET "/" for ::1 at 2019-08-05 21:42:58 -0400
Processing by PostsController#index as HTML
  [1m[36mUser Load (0.6ms)[0m  [1m[34mSELECT  "users".* FROM "users" WHERE "users"."id" = $1 ORDER BY "users"."id" ASC LIMIT $2[0m  [["id", 23], ["LIMIT", 1]]
  Rendering posts/index.html.erb within layouts/application
  [1m[36mPost Load (0.6ms)[0m  [1m[34mSELECT "posts".* FROM "posts"[0m
  [1m[36mUser Load (1.2ms)[0m  [1m[34mSELECT  "users".* FROM "users" WHERE "users"."id" = $1 LIMIT $2[0m  [["id", 13], ["LIMIT", 1]]
  [1m[35m (0.6ms)[0m  [1m[34mSELECT COUNT(*) FROM "comments" WHERE "comments"."post_id" = $1[0m  [["post_id", 25]]
  [1m[36mUser Load (0.5ms)[0m  [1m[34mSELECT  "users".* FROM "users" WHERE "users"."id" = $1 LIMIT $2[0m  [["id", 14], ["LIMIT", 1]]
  [1m[35m (0.5ms)[0m  [1m[34mSELECT COUNT(*) FROM "comments" WHERE "comments"."post_id" = $1[0m  [["post_id", 26]]
  [1m[36mUser Load (0.6ms)[0m  [1m[34mSELECT  "users".* FROM "users" WHERE "users"."id" = $1 LIMIT $2[0m  [["id", 15], ["LIMIT", 1]]
  [1m[35m (0.5ms)[0m  [1m[34mSELECT COUNT(*) FROM "comments" WHERE "comments"."post_id" = $1[0m  [["post_id", 27]]
  [1m[36mUser Load (0.8ms)[0m  [1m[34mSELECT  "users".* FROM "users" WHERE "users"."id" = $1 LIMIT $2[0m  [["id", 16], ["LIMIT", 1]]
  [1m[35m (0.9ms)[0m  [1m[34mSELECT COUNT(*) FROM "comments" WHERE "comments"."post_id" = $1[0m  [["post_id", 28]]
  [1m[36mUser Load (0.7ms)[0m  [1m[34mSELECT  "users".* FROM "users" WHERE "users"."id" = $1 LIMIT $2[0m  [["id", 17], ["LIMIT", 1]]
  [1m[35m (0.6ms)[0m  [1m[34mSELECT COUNT(*) FROM "comments" WHERE "comments"."post_id" = $1[0m  [["post_id", 29]]
  [1m[36mUser Load (0.5ms)[0m  [1m[34mSELECT  "users".* FROM "users" WHERE "users"."id" = $1 LIMIT $2[0m  [["id", 18], ["LIMIT", 1]]
  [1m[35m (0.5ms)[0m  [1m[34mSELECT COUNT(*) FROM "comments" WHERE "comments"."post_id" = $1[0m  [["post_id", 30]]
  [1m[36mUser Load (0.5ms)[0m  [1m[34mSELECT  "users".* FROM "users" WHERE "users"."id" = $1 LIMIT $2[0m  [["id", 19], ["LIMIT", 1]]
  [1m[35m (0.5ms)[0m  [1m[34mSELECT COUNT(*) FROM "comments" WHERE "comments"."post_id" = $1[0m  [["post_id", 31]]
  [1m[36mUser Load (0.7ms)[0m  [1m[34mSELECT  "users".* FROM "users" WHERE "users"."id" = $1 LIMIT $2[0m  [["id", 20], ["LIMIT", 1]]
  [1m[35m (0.7ms)[0m  [1m[34mSELECT COUNT(*) FROM "comments" WHERE "comments"."post_id" = $1[0m  [["post_id", 32]]
  [1m[36mUser Load (0.5ms)[0m  [1m[34mSELECT  "users".* FROM "users" WHERE "users"."id" = $1 LIMIT $2[0m  [["id", 21], ["LIMIT", 1]]
  [1m[35m (0.6ms)[0m  [1m[34mSELECT COUNT(*) FROM "comments" WHERE "comments"."post_id" = $1[0m  [["post_id", 33]]
  Rendered posts/index.html.erb within layouts/application (41.4ms)
Completed 200 OK in 76ms (Views: 53.0ms | ActiveRecord: 12.6ms)


Started GET "/" for ::1 at 2019-08-05 21:43:00 -0400
Processing by PostsController#index as HTML
  [1m[36mUser Load (0.5ms)[0m  [1m[34mSELECT  "users".* FROM "users" WHERE "users"."id" = $1 ORDER BY "users"."id" ASC LIMIT $2[0m  [["id", 23], ["LIMIT", 1]]
  Rendering posts/index.html.erb within layouts/application
  [1m[36mPost Load (0.4ms)[0m  [1m[34mSELECT "posts".* FROM "posts"[0m
  [1m[36mUser Load (0.4ms)[0m  [1m[34mSELECT  "users".* FROM "users" WHERE "users"."id" = $1 LIMIT $2[0m  [["id", 13], ["LIMIT", 1]]
  [1m[35m (0.6ms)[0m  [1m[34mSELECT COUNT(*) FROM "comments" WHERE "comments"."post_id" = $1[0m  [["post_id", 25]]
  [1m[36mUser Load (0.8ms)[0m  [1m[34mSELECT  "users".* FROM "users" WHERE "users"."id" = $1 LIMIT $2[0m  [["id", 14], ["LIMIT", 1]]
  [1m[35m (0.6ms)[0m  [1m[34mSELECT COUNT(*) FROM "comments" WHERE "comments"."post_id" = $1[0m  [["post_id", 26]]
  [1m[36mUser Load (0.6ms)[0m  [1m[34mSELECT  "users".* FROM "users" WHERE "users"."id" = $1 LIMIT $2[0m  [["id", 15], ["LIMIT", 1]]
  [1m[35m (0.5ms)[0m  [1m[34mSELECT COUNT(*) FROM "comments" WHERE "comments"."post_id" = $1[0m  [["post_id", 27]]
  [1m[36mUser Load (0.6ms)[0m  [1m[34mSELECT  "users".* FROM "users" WHERE "users"."id" = $1 LIMIT $2[0m  [["id", 16], ["LIMIT", 1]]
  [1m[35m (0.5ms)[0m  [1m[34mSELECT COUNT(*) FROM "comments" WHERE "comments"."post_id" = $1[0m  [["post_id", 28]]
  [1m[36mUser Load (0.6ms)[0m  [1m[34mSELECT  "users".* FROM "users" WHERE "users"."id" = $1 LIMIT $2[0m  [["id", 17], ["LIMIT", 1]]
  [1m[35m (0.5ms)[0m  [1m[34mSELECT COUNT(*) FROM "comments" WHERE "comments"."post_id" = $1[0m  [["post_id", 29]]
  [1m[36mUser Load (0.6ms)[0m  [1m[34mSELECT  "users".* FROM "users" WHERE "users"."id" = $1 LIMIT $2[0m  [["id", 18], ["LIMIT", 1]]
  [1m[35m (0.7ms)[0m  [1m[34mSELECT COUNT(*) FROM "comments" WHERE "comments"."post_id" = $1[0m  [["post_id", 30]]
  [1m[36mUser Load (0.8ms)[0m  [1m[34mSELECT  "users".* FROM "users" WHERE "users"."id" = $1 LIMIT $2[0m  [["id", 19], ["LIMIT", 1]]
  [1m[35m (0.5ms)[0m  [1m[34mSELECT COUNT(*) FROM "comments" WHERE "comments"."post_id" = $1[0m  [["post_id", 31]]
  [1m[36mUser Load (0.5ms)[0m  [1m[34mSELECT  "users".* FROM "users" WHERE "users"."id" = $1 LIMIT $2[0m  [["id", 20], ["LIMIT", 1]]
  [1m[35m (0.5ms)[0m  [1m[34mSELECT COUNT(*) FROM "comments" WHERE "comments"."post_id" = $1[0m  [["post_id", 32]]
  [1m[36mUser Load (0.7ms)[0m  [1m[34mSELECT  "users".* FROM "users" WHERE "users"."id" = $1 LIMIT $2[0m  [["id", 21], ["LIMIT", 1]]
  [1m[35m (0.5ms)[0m  [1m[34mSELECT COUNT(*) FROM "comments" WHERE "comments"."post_id" = $1[0m  [["post_id", 33]]
  Rendered posts/index.html.erb within layouts/application (37.9ms)
Completed 200 OK in 70ms (Views: 51.0ms | ActiveRecord: 11.2ms)


Started GET "/" for ::1 at 2019-08-05 21:43:03 -0400
Processing by PostsController#index as HTML
  [1m[36mUser Load (1.1ms)[0m  [1m[34mSELECT  "users".* FROM "users" WHERE "users"."id" = $1 ORDER BY "users"."id" ASC LIMIT $2[0m  [["id", 23], ["LIMIT", 1]]
  Rendering posts/index.html.erb within layouts/application
  [1m[36mPost Load (0.4ms)[0m  [1m[34mSELECT "posts".* FROM "posts"[0m
  [1m[36mUser Load (0.4ms)[0m  [1m[34mSELECT  "users".* FROM "users" WHERE "users"."id" = $1 LIMIT $2[0m  [["id", 13], ["LIMIT", 1]]
  [1m[35m (0.7ms)[0m  [1m[34mSELECT COUNT(*) FROM "comments" WHERE "comments"."post_id" = $1[0m  [["post_id", 25]]
  [1m[36mUser Load (0.6ms)[0m  [1m[34mSELECT  "users".* FROM "users" WHERE "users"."id" = $1 LIMIT $2[0m  [["id", 14], ["LIMIT", 1]]
  [1m[35m (0.5ms)[0m  [1m[34mSELECT COUNT(*) FROM "comments" WHERE "comments"."post_id" = $1[0m  [["post_id", 26]]
  [1m[36mUser Load (1.0ms)[0m  [1m[34mSELECT  "users".* FROM "users" WHERE "users"."id" = $1 LIMIT $2[0m  [["id", 15], ["LIMIT", 1]]
  [1m[35m (0.6ms)[0m  [1m[34mSELECT COUNT(*) FROM "comments" WHERE "comments"."post_id" = $1[0m  [["post_id", 27]]
  [1m[36mUser Load (0.5ms)[0m  [1m[34mSELECT  "users".* FROM "users" WHERE "users"."id" = $1 LIMIT $2[0m  [["id", 16], ["LIMIT", 1]]
  [1m[35m (0.6ms)[0m  [1m[34mSELECT COUNT(*) FROM "comments" WHERE "comments"."post_id" = $1[0m  [["post_id", 28]]
  [1m[36mUser Load (0.5ms)[0m  [1m[34mSELECT  "users".* FROM "users" WHERE "users"."id" = $1 LIMIT $2[0m  [["id", 17], ["LIMIT", 1]]
  [1m[35m (0.5ms)[0m  [1m[34mSELECT COUNT(*) FROM "comments" WHERE "comments"."post_id" = $1[0m  [["post_id", 29]]
  [1m[36mUser Load (0.5ms)[0m  [1m[34mSELECT  "users".* FROM "users" WHERE "users"."id" = $1 LIMIT $2[0m  [["id", 18], ["LIMIT", 1]]
  [1m[35m (0.6ms)[0m  [1m[34mSELECT COUNT(*) FROM "comments" WHERE "comments"."post_id" = $1[0m  [["post_id", 30]]
  [1m[36mUser Load (0.5ms)[0m  [1m[34mSELECT  "users".* FROM "users" WHERE "users"."id" = $1 LIMIT $2[0m  [["id", 19], ["LIMIT", 1]]
  [1m[35m (0.5ms)[0m  [1m[34mSELECT COUNT(*) FROM "comments" WHERE "comments"."post_id" = $1[0m  [["post_id", 31]]
  [1m[36mUser Load (0.5ms)[0m  [1m[34mSELECT  "users".* FROM "users" WHERE "users"."id" = $1 LIMIT $2[0m  [["id", 20], ["LIMIT", 1]]
  [1m[35m (0.5ms)[0m  [1m[34mSELECT COUNT(*) FROM "comments" WHERE "comments"."post_id" = $1[0m  [["post_id", 32]]
  [1m[36mUser Load (0.6ms)[0m  [1m[34mSELECT  "users".* FROM "users" WHERE "users"."id" = $1 LIMIT $2[0m  [["id", 21], ["LIMIT", 1]]
  [1m[35m (0.5ms)[0m  [1m[34mSELECT COUNT(*) FROM "comments" WHERE "comments"."post_id" = $1[0m  [["post_id", 33]]
  Rendered posts/index.html.erb within layouts/application (38.1ms)
Completed 200 OK in 73ms (Views: 51.8ms | ActiveRecord: 11.5ms)


Started DELETE "/posts/25" for ::1 at 2019-08-05 21:43:07 -0400
Processing by PostsController#destroy as HTML
  Parameters: {"authenticity_token"=>"Bet+CFgn+QzwXgBARUfNT1N8EGL9z8MO0nkarg21HfFhFAPDmje1bIyPZVcJyrswWVRS/lLKu5ZvoXV/WnEaAA==", "id"=>"25"}
  [1m[36mPost Load (0.9ms)[0m  [1m[34mSELECT  "posts".* FROM "posts" WHERE "posts"."id" = $1 LIMIT $2[0m  [["id", 25], ["LIMIT", 1]]
  [1m[36mUser Load (0.7ms)[0m  [1m[34mSELECT  "users".* FROM "users" WHERE "users"."id" = $1 ORDER BY "users"."id" ASC LIMIT $2[0m  [["id", 23], ["LIMIT", 1]]
  [1m[35m (0.2ms)[0m  [1m[35mBEGIN[0m
  [1m[35mSQL (4.8ms)[0m  [1m[31mDELETE FROM "posts" WHERE "posts"."id" = $1[0m  [["id", 25]]
  [1m[35m (0.3ms)[0m  [1m[31mROLLBACK[0m
Completed 500 Internal Server Error in 21ms (ActiveRecord: 6.9ms)


  
ActiveRecord::InvalidForeignKey (PG::ForeignKeyViolation: ERROR:  update or delete on table "posts" violates foreign key constraint "fk_rails_2fd19c0db7" on table "comments"
DETAIL:  Key (id)=(25) is still referenced from table "comments".
: DELETE FROM "posts" WHERE "posts"."id" = $1):
  
app/controllers/posts_controller.rb:59:in `destroy'
Started DELETE "/posts/25" for ::1 at 2019-08-05 21:44:21 -0400
Processing by PostsController#destroy as HTML
  Parameters: {"authenticity_token"=>"Bet+CFgn+QzwXgBARUfNT1N8EGL9z8MO0nkarg21HfFhFAPDmje1bIyPZVcJyrswWVRS/lLKu5ZvoXV/WnEaAA==", "id"=>"25"}
  [1m[36mPost Load (0.4ms)[0m  [1m[34mSELECT  "posts".* FROM "posts" WHERE "posts"."id" = $1 LIMIT $2[0m  [["id", 25], ["LIMIT", 1]]
  [1m[36mUser Load (0.7ms)[0m  [1m[34mSELECT  "users".* FROM "users" WHERE "users"."id" = $1 ORDER BY "users"."id" ASC LIMIT $2[0m  [["id", 23], ["LIMIT", 1]]
  [1m[35m (0.2ms)[0m  [1m[35mBEGIN[0m
  [1m[36mComment Load (1.8ms)[0m  [1m[34mSELECT "comments".* FROM "comments" WHERE "comments"."post_id" = $1[0m  [["post_id", 25]]
  [1m[35mSQL (0.5ms)[0m  [1m[31mDELETE FROM "comments" WHERE "comments"."id" = $1[0m  [["id", 13]]
  [1m[35mSQL (0.3ms)[0m  [1m[31mDELETE FROM "comments" WHERE "comments"."id" = $1[0m  [["id", 14]]
  [1m[35mSQL (0.3ms)[0m  [1m[31mDELETE FROM "comments" WHERE "comments"."id" = $1[0m  [["id", 15]]
  [1m[35mSQL (0.3ms)[0m  [1m[31mDELETE FROM "comments" WHERE "comments"."id" = $1[0m  [["id", 16]]
  [1m[35mSQL (0.4ms)[0m  [1m[31mDELETE FROM "comments" WHERE "comments"."id" = $1[0m  [["id", 17]]
  [1m[35mSQL (1.0ms)[0m  [1m[31mDELETE FROM "comments" WHERE "comments"."id" = $1[0m  [["id", 18]]
  [1m[35mSQL (0.4ms)[0m  [1m[31mDELETE FROM "comments" WHERE "comments"."id" = $1[0m  [["id", 19]]
  [1m[35mSQL (0.3ms)[0m  [1m[31mDELETE FROM "comments" WHERE "comments"."id" = $1[0m  [["id", 20]]
  [1m[35mSQL (0.3ms)[0m  [1m[31mDELETE FROM "comments" WHERE "comments"."id" = $1[0m  [["id", 21]]
  [1m[35mSQL (0.3ms)[0m  [1m[31mDELETE FROM "comments" WHERE "comments"."id" = $1[0m  [["id", 22]]
  [1m[35mSQL (2.5ms)[0m  [1m[31mDELETE FROM "posts" WHERE "posts"."id" = $1[0m  [["id", 25]]
  [1m[35m (1.7ms)[0m  [1m[35mCOMMIT[0m
Redirected to http://localhost:3000/posts
Completed 302 Found in 88ms (ActiveRecord: 26.5ms)


Started GET "/posts" for ::1 at 2019-08-05 21:44:22 -0400
Processing by PostsController#index as HTML
  [1m[36mUser Load (0.5ms)[0m  [1m[34mSELECT  "users".* FROM "users" WHERE "users"."id" = $1 ORDER BY "users"."id" ASC LIMIT $2[0m  [["id", 23], ["LIMIT", 1]]
  Rendering posts/index.html.erb within layouts/application
  [1m[36mPost Load (0.4ms)[0m  [1m[34mSELECT "posts".* FROM "posts"[0m
  [1m[36mUser Load (0.5ms)[0m  [1m[34mSELECT  "users".* FROM "users" WHERE "users"."id" = $1 LIMIT $2[0m  [["id", 14], ["LIMIT", 1]]
  [1m[35m (0.6ms)[0m  [1m[34mSELECT COUNT(*) FROM "comments" WHERE "comments"."post_id" = $1[0m  [["post_id", 26]]
  [1m[36mUser Load (0.6ms)[0m  [1m[34mSELECT  "users".* FROM "users" WHERE "users"."id" = $1 LIMIT $2[0m  [["id", 15], ["LIMIT", 1]]
  [1m[35m (0.7ms)[0m  [1m[34mSELECT COUNT(*) FROM "comments" WHERE "comments"."post_id" = $1[0m  [["post_id", 27]]
  [1m[36mUser Load (0.6ms)[0m  [1m[34mSELECT  "users".* FROM "users" WHERE "users"."id" = $1 LIMIT $2[0m  [["id", 16], ["LIMIT", 1]]
  [1m[35m (0.9ms)[0m  [1m[34mSELECT COUNT(*) FROM "comments" WHERE "comments"."post_id" = $1[0m  [["post_id", 28]]
  [1m[36mUser Load (0.9ms)[0m  [1m[34mSELECT  "users".* FROM "users" WHERE "users"."id" = $1 LIMIT $2[0m  [["id", 17], ["LIMIT", 1]]
  [1m[35m (1.1ms)[0m  [1m[34mSELECT COUNT(*) FROM "comments" WHERE "comments"."post_id" = $1[0m  [["post_id", 29]]
  [1m[36mUser Load (0.6ms)[0m  [1m[34mSELECT  "users".* FROM "users" WHERE "users"."id" = $1 LIMIT $2[0m  [["id", 18], ["LIMIT", 1]]
  [1m[35m (0.6ms)[0m  [1m[34mSELECT COUNT(*) FROM "comments" WHERE "comments"."post_id" = $1[0m  [["post_id", 30]]
  [1m[36mUser Load (0.5ms)[0m  [1m[34mSELECT  "users".* FROM "users" WHERE "users"."id" = $1 LIMIT $2[0m  [["id", 19], ["LIMIT", 1]]
  [1m[35m (0.8ms)[0m  [1m[34mSELECT COUNT(*) FROM "comments" WHERE "comments"."post_id" = $1[0m  [["post_id", 31]]
  [1m[36mUser Load (0.8ms)[0m  [1m[34mSELECT  "users".* FROM "users" WHERE "users"."id" = $1 LIMIT $2[0m  [["id", 20], ["LIMIT", 1]]
  [1m[35m (0.5ms)[0m  [1m[34mSELECT COUNT(*) FROM "comments" WHERE "comments"."post_id" = $1[0m  [["post_id", 32]]
  [1m[36mUser Load (0.5ms)[0m  [1m[34mSELECT  "users".* FROM "users" WHERE "users"."id" = $1 LIMIT $2[0m  [["id", 21], ["LIMIT", 1]]
  [1m[35m (0.4ms)[0m  [1m[34mSELECT COUNT(*) FROM "comments" WHERE "comments"."post_id" = $1[0m  [["post_id", 33]]
  Rendered posts/index.html.erb within layouts/application (44.1ms)
Completed 200 OK in 73ms (Views: 55.9ms | ActiveRecord: 11.4ms)


Started DELETE "/posts/26" for ::1 at 2019-08-05 21:44:30 -0400
Processing by PostsController#destroy as HTML
  Parameters: {"authenticity_token"=>"2ccIrNUsuLNdsRXa66WFxcu0tRkMTZT7XUP+fLNjE469OHVnFzz00yFgcM2nKPO6wZz3haNI7GPgm5Gt5KcUfw==", "id"=>"26"}
  [1m[36mPost Load (0.4ms)[0m  [1m[34mSELECT  "posts".* FROM "posts" WHERE "posts"."id" = $1 LIMIT $2[0m  [["id", 26], ["LIMIT", 1]]
  [1m[36mUser Load (0.5ms)[0m  [1m[34mSELECT  "users".* FROM "users" WHERE "users"."id" = $1 ORDER BY "users"."id" ASC LIMIT $2[0m  [["id", 23], ["LIMIT", 1]]
  [1m[35m (0.2ms)[0m  [1m[35mBEGIN[0m
  [1m[36mComment Load (0.5ms)[0m  [1m[34mSELECT "comments".* FROM "comments" WHERE "comments"."post_id" = $1[0m  [["post_id", 26]]
  [1m[35mSQL (0.6ms)[0m  [1m[31mDELETE FROM "comments" WHERE "comments"."id" = $1[0m  [["id", 23]]
  [1m[35mSQL (0.4ms)[0m  [1m[31mDELETE FROM "comments" WHERE "comments"."id" = $1[0m  [["id", 24]]
  [1m[35mSQL (0.4ms)[0m  [1m[31mDELETE FROM "comments" WHERE "comments"."id" = $1[0m  [["id", 25]]
  [1m[35mSQL (0.4ms)[0m  [1m[31mDELETE FROM "comments" WHERE "comments"."id" = $1[0m  [["id", 26]]
  [1m[35mSQL (0.4ms)[0m  [1m[31mDELETE FROM "comments" WHERE "comments"."id" = $1[0m  [["id", 27]]
  [1m[35mSQL (0.4ms)[0m  [1m[31mDELETE FROM "comments" WHERE "comments"."id" = $1[0m  [["id", 28]]
  [1m[35mSQL (0.4ms)[0m  [1m[31mDELETE FROM "comments" WHERE "comments"."id" = $1[0m  [["id", 29]]
  [1m[35mSQL (3.6ms)[0m  [1m[31mDELETE FROM "comments" WHERE "comments"."id" = $1[0m  [["id", 30]]
  [1m[35mSQL (0.4ms)[0m  [1m[31mDELETE FROM "comments" WHERE "comments"."id" = $1[0m  [["id", 31]]
  [1m[35mSQL (0.6ms)[0m  [1m[31mDELETE FROM "comments" WHERE "comments"."id" = $1[0m  [["id", 32]]
  [1m[35mSQL (0.7ms)[0m  [1m[31mDELETE FROM "posts" WHERE "posts"."id" = $1[0m  [["id", 26]]
  [1m[35m (1.3ms)[0m  [1m[35mCOMMIT[0m
Redirected to http://localhost:3000/posts
Completed 302 Found in 28ms (ActiveRecord: 10.9ms)


Started GET "/posts" for ::1 at 2019-08-05 21:44:30 -0400
Processing by PostsController#index as HTML
  [1m[36mUser Load (0.5ms)[0m  [1m[34mSELECT  "users".* FROM "users" WHERE "users"."id" = $1 ORDER BY "users"."id" ASC LIMIT $2[0m  [["id", 23], ["LIMIT", 1]]
  Rendering posts/index.html.erb within layouts/application
  [1m[36mPost Load (0.4ms)[0m  [1m[34mSELECT "posts".* FROM "posts"[0m
  [1m[36mUser Load (0.4ms)[0m  [1m[34mSELECT  "users".* FROM "users" WHERE "users"."id" = $1 LIMIT $2[0m  [["id", 15], ["LIMIT", 1]]
  [1m[35m (0.5ms)[0m  [1m[34mSELECT COUNT(*) FROM "comments" WHERE "comments"."post_id" = $1[0m  [["post_id", 27]]
  [1m[36mUser Load (0.5ms)[0m  [1m[34mSELECT  "users".* FROM "users" WHERE "users"."id" = $1 LIMIT $2[0m  [["id", 16], ["LIMIT", 1]]
  [1m[35m (0.5ms)[0m  [1m[34mSELECT COUNT(*) FROM "comments" WHERE "comments"."post_id" = $1[0m  [["post_id", 28]]
  [1m[36mUser Load (0.7ms)[0m  [1m[34mSELECT  "users".* FROM "users" WHERE "users"."id" = $1 LIMIT $2[0m  [["id", 17], ["LIMIT", 1]]
  [1m[35m (0.7ms)[0m  [1m[34mSELECT COUNT(*) FROM "comments" WHERE "comments"."post_id" = $1[0m  [["post_id", 29]]
  [1m[36mUser Load (0.5ms)[0m  [1m[34mSELECT  "users".* FROM "users" WHERE "users"."id" = $1 LIMIT $2[0m  [["id", 18], ["LIMIT", 1]]
  [1m[35m (0.4ms)[0m  [1m[34mSELECT COUNT(*) FROM "comments" WHERE "comments"."post_id" = $1[0m  [["post_id", 30]]
  [1m[36mUser Load (0.5ms)[0m  [1m[34mSELECT  "users".* FROM "users" WHERE "users"."id" = $1 LIMIT $2[0m  [["id", 19], ["LIMIT", 1]]
  [1m[35m (0.4ms)[0m  [1m[34mSELECT COUNT(*) FROM "comments" WHERE "comments"."post_id" = $1[0m  [["post_id", 31]]
  [1m[36mUser Load (0.5ms)[0m  [1m[34mSELECT  "users".* FROM "users" WHERE "users"."id" = $1 LIMIT $2[0m  [["id", 20], ["LIMIT", 1]]
  [1m[35m (0.5ms)[0m  [1m[34mSELECT COUNT(*) FROM "comments" WHERE "comments"."post_id" = $1[0m  [["post_id", 32]]
  [1m[36mUser Load (0.6ms)[0m  [1m[34mSELECT  "users".* FROM "users" WHERE "users"."id" = $1 LIMIT $2[0m  [["id", 21], ["LIMIT", 1]]
  [1m[35m (0.5ms)[0m  [1m[34mSELECT COUNT(*) FROM "comments" WHERE "comments"."post_id" = $1[0m  [["post_id", 33]]
  Rendered posts/index.html.erb within layouts/application (30.9ms)
Completed 200 OK in 65ms (Views: 51.7ms | ActiveRecord: 8.0ms)


Started GET "/posts" for ::1 at 2019-08-05 22:00:07 -0400
Processing by PostsController#index as HTML
  [1m[36mUser Load (0.5ms)[0m  [1m[34mSELECT  "users".* FROM "users" WHERE "users"."id" = $1 ORDER BY "users"."id" ASC LIMIT $2[0m  [["id", 23], ["LIMIT", 1]]
  Rendering posts/index.html.erb within layouts/application
  [1m[36mPost Load (0.5ms)[0m  [1m[34mSELECT "posts".* FROM "posts"[0m
  [1m[36mUser Load (0.3ms)[0m  [1m[34mSELECT  "users".* FROM "users" WHERE "users"."id" = $1 LIMIT $2[0m  [["id", 15], ["LIMIT", 1]]
  [1m[35m (0.5ms)[0m  [1m[34mSELECT COUNT(*) FROM "comments" WHERE "comments"."post_id" = $1[0m  [["post_id", 27]]
  [1m[36mUser Load (0.5ms)[0m  [1m[34mSELECT  "users".* FROM "users" WHERE "users"."id" = $1 LIMIT $2[0m  [["id", 16], ["LIMIT", 1]]
  [1m[35m (0.5ms)[0m  [1m[34mSELECT COUNT(*) FROM "comments" WHERE "comments"."post_id" = $1[0m  [["post_id", 28]]
  [1m[36mUser Load (0.6ms)[0m  [1m[34mSELECT  "users".* FROM "users" WHERE "users"."id" = $1 LIMIT $2[0m  [["id", 17], ["LIMIT", 1]]
  [1m[35m (0.4ms)[0m  [1m[34mSELECT COUNT(*) FROM "comments" WHERE "comments"."post_id" = $1[0m  [["post_id", 29]]
  [1m[36mUser Load (0.5ms)[0m  [1m[34mSELECT  "users".* FROM "users" WHERE "users"."id" = $1 LIMIT $2[0m  [["id", 18], ["LIMIT", 1]]
  [1m[35m (0.5ms)[0m  [1m[34mSELECT COUNT(*) FROM "comments" WHERE "comments"."post_id" = $1[0m  [["post_id", 30]]
  [1m[36mUser Load (0.5ms)[0m  [1m[34mSELECT  "users".* FROM "users" WHERE "users"."id" = $1 LIMIT $2[0m  [["id", 19], ["LIMIT", 1]]
  [1m[35m (0.5ms)[0m  [1m[34mSELECT COUNT(*) FROM "comments" WHERE "comments"."post_id" = $1[0m  [["post_id", 31]]
  [1m[36mUser Load (0.7ms)[0m  [1m[34mSELECT  "users".* FROM "users" WHERE "users"."id" = $1 LIMIT $2[0m  [["id", 20], ["LIMIT", 1]]
  [1m[35m (0.5ms)[0m  [1m[34mSELECT COUNT(*) FROM "comments" WHERE "comments"."post_id" = $1[0m  [["post_id", 32]]
  [1m[36mUser Load (0.6ms)[0m  [1m[34mSELECT  "users".* FROM "users" WHERE "users"."id" = $1 LIMIT $2[0m  [["id", 21], ["LIMIT", 1]]
  [1m[35m (0.5ms)[0m  [1m[34mSELECT COUNT(*) FROM "comments" WHERE "comments"."post_id" = $1[0m  [["post_id", 33]]
  Rendered posts/index.html.erb within layouts/application (49.7ms)
Completed 200 OK in 172ms (Views: 124.1ms | ActiveRecord: 21.2ms)


Started GET "/posts" for ::1 at 2019-08-05 22:00:09 -0400
Processing by PostsController#index as HTML
  [1m[36mUser Load (0.6ms)[0m  [1m[34mSELECT  "users".* FROM "users" WHERE "users"."id" = $1 ORDER BY "users"."id" ASC LIMIT $2[0m  [["id", 23], ["LIMIT", 1]]
  Rendering posts/index.html.erb within layouts/application
  [1m[36mPost Load (0.4ms)[0m  [1m[34mSELECT "posts".* FROM "posts"[0m
  [1m[36mUser Load (0.3ms)[0m  [1m[34mSELECT  "users".* FROM "users" WHERE "users"."id" = $1 LIMIT $2[0m  [["id", 15], ["LIMIT", 1]]
  [1m[35m (0.6ms)[0m  [1m[34mSELECT COUNT(*) FROM "comments" WHERE "comments"."post_id" = $1[0m  [["post_id", 27]]
  [1m[36mUser Load (0.5ms)[0m  [1m[34mSELECT  "users".* FROM "users" WHERE "users"."id" = $1 LIMIT $2[0m  [["id", 16], ["LIMIT", 1]]
  [1m[35m (0.6ms)[0m  [1m[34mSELECT COUNT(*) FROM "comments" WHERE "comments"."post_id" = $1[0m  [["post_id", 28]]
  [1m[36mUser Load (0.8ms)[0m  [1m[34mSELECT  "users".* FROM "users" WHERE "users"."id" = $1 LIMIT $2[0m  [["id", 17], ["LIMIT", 1]]
  [1m[35m (0.7ms)[0m  [1m[34mSELECT COUNT(*) FROM "comments" WHERE "comments"."post_id" = $1[0m  [["post_id", 29]]
  [1m[36mUser Load (0.5ms)[0m  [1m[34mSELECT  "users".* FROM "users" WHERE "users"."id" = $1 LIMIT $2[0m  [["id", 18], ["LIMIT", 1]]
  [1m[35m (0.4ms)[0m  [1m[34mSELECT COUNT(*) FROM "comments" WHERE "comments"."post_id" = $1[0m  [["post_id", 30]]
  [1m[36mUser Load (0.5ms)[0m  [1m[34mSELECT  "users".* FROM "users" WHERE "users"."id" = $1 LIMIT $2[0m  [["id", 19], ["LIMIT", 1]]
  [1m[35m (0.5ms)[0m  [1m[34mSELECT COUNT(*) FROM "comments" WHERE "comments"."post_id" = $1[0m  [["post_id", 31]]
  [1m[36mUser Load (0.5ms)[0m  [1m[34mSELECT  "users".* FROM "users" WHERE "users"."id" = $1 LIMIT $2[0m  [["id", 20], ["LIMIT", 1]]
  [1m[35m (0.4ms)[0m  [1m[34mSELECT COUNT(*) FROM "comments" WHERE "comments"."post_id" = $1[0m  [["post_id", 32]]
  [1m[36mUser Load (0.5ms)[0m  [1m[34mSELECT  "users".* FROM "users" WHERE "users"."id" = $1 LIMIT $2[0m  [["id", 21], ["LIMIT", 1]]
  [1m[35m (0.5ms)[0m  [1m[34mSELECT COUNT(*) FROM "comments" WHERE "comments"."post_id" = $1[0m  [["post_id", 33]]
  Rendered posts/index.html.erb within layouts/application (28.6ms)
Completed 200 OK in 60ms (Views: 46.3ms | ActiveRecord: 8.2ms)


Started GET "/posts" for ::1 at 2019-08-05 22:03:25 -0400
Processing by PostsController#index as HTML
  [1m[36mUser Load (0.6ms)[0m  [1m[34mSELECT  "users".* FROM "users" WHERE "users"."id" = $1 ORDER BY "users"."id" ASC LIMIT $2[0m  [["id", 23], ["LIMIT", 1]]
  Rendering posts/index.html.erb within layouts/application
  [1m[36mPost Load (0.4ms)[0m  [1m[34mSELECT "posts".* FROM "posts"[0m
  [1m[36mUser Load (0.3ms)[0m  [1m[34mSELECT  "users".* FROM "users" WHERE "users"."id" = $1 LIMIT $2[0m  [["id", 15], ["LIMIT", 1]]
  [1m[35m (0.4ms)[0m  [1m[34mSELECT COUNT(*) FROM "comments" WHERE "comments"."post_id" = $1[0m  [["post_id", 27]]
  [1m[36mUser Load (0.5ms)[0m  [1m[34mSELECT  "users".* FROM "users" WHERE "users"."id" = $1 LIMIT $2[0m  [["id", 16], ["LIMIT", 1]]
  [1m[35m (0.4ms)[0m  [1m[34mSELECT COUNT(*) FROM "comments" WHERE "comments"."post_id" = $1[0m  [["post_id", 28]]
  [1m[36mUser Load (1.9ms)[0m  [1m[34mSELECT  "users".* FROM "users" WHERE "users"."id" = $1 LIMIT $2[0m  [["id", 17], ["LIMIT", 1]]
  [1m[35m (0.5ms)[0m  [1m[34mSELECT COUNT(*) FROM "comments" WHERE "comments"."post_id" = $1[0m  [["post_id", 29]]
  [1m[36mUser Load (0.5ms)[0m  [1m[34mSELECT  "users".* FROM "users" WHERE "users"."id" = $1 LIMIT $2[0m  [["id", 18], ["LIMIT", 1]]
  [1m[35m (0.5ms)[0m  [1m[34mSELECT COUNT(*) FROM "comments" WHERE "comments"."post_id" = $1[0m  [["post_id", 30]]
  [1m[36mUser Load (0.8ms)[0m  [1m[34mSELECT  "users".* FROM "users" WHERE "users"."id" = $1 LIMIT $2[0m  [["id", 19], ["LIMIT", 1]]
  [1m[35m (0.6ms)[0m  [1m[34mSELECT COUNT(*) FROM "comments" WHERE "comments"."post_id" = $1[0m  [["post_id", 31]]
  [1m[36mUser Load (0.5ms)[0m  [1m[34mSELECT  "users".* FROM "users" WHERE "users"."id" = $1 LIMIT $2[0m  [["id", 20], ["LIMIT", 1]]
  [1m[35m (0.5ms)[0m  [1m[34mSELECT COUNT(*) FROM "comments" WHERE "comments"."post_id" = $1[0m  [["post_id", 32]]
  [1m[36mUser Load (0.5ms)[0m  [1m[34mSELECT  "users".* FROM "users" WHERE "users"."id" = $1 LIMIT $2[0m  [["id", 21], ["LIMIT", 1]]
  [1m[35m (0.6ms)[0m  [1m[34mSELECT COUNT(*) FROM "comments" WHERE "comments"."post_id" = $1[0m  [["post_id", 33]]
  Rendered posts/index.html.erb within layouts/application (29.4ms)
Completed 200 OK in 64ms (Views: 48.8ms | ActiveRecord: 9.3ms)


Started GET "/posts" for ::1 at 2019-08-07 19:07:47 -0400
Processing by PostsController#index as HTML
  [1m[36mUser Load (77.9ms)[0m  [1m[34mSELECT  "users".* FROM "users" WHERE "users"."id" = $1 ORDER BY "users"."id" ASC LIMIT $2[0m  [["id", 23], ["LIMIT", 1]]
  Rendering posts/index.html.erb within layouts/application
  [1m[36mPost Load (0.7ms)[0m  [1m[34mSELECT "posts".* FROM "posts"[0m
  [1m[36mUser Load (0.5ms)[0m  [1m[34mSELECT  "users".* FROM "users" WHERE "users"."id" = $1 LIMIT $2[0m  [["id", 15], ["LIMIT", 1]]
  [1m[35m (44.1ms)[0m  [1m[34mSELECT COUNT(*) FROM "comments" WHERE "comments"."post_id" = $1[0m  [["post_id", 27]]
  [1m[36mUser Load (1.1ms)[0m  [1m[34mSELECT  "users".* FROM "users" WHERE "users"."id" = $1 LIMIT $2[0m  [["id", 16], ["LIMIT", 1]]
  [1m[35m (0.9ms)[0m  [1m[34mSELECT COUNT(*) FROM "comments" WHERE "comments"."post_id" = $1[0m  [["post_id", 28]]
  [1m[36mUser Load (1.3ms)[0m  [1m[34mSELECT  "users".* FROM "users" WHERE "users"."id" = $1 LIMIT $2[0m  [["id", 17], ["LIMIT", 1]]
  [1m[35m (0.9ms)[0m  [1m[34mSELECT COUNT(*) FROM "comments" WHERE "comments"."post_id" = $1[0m  [["post_id", 29]]
  [1m[36mUser Load (0.8ms)[0m  [1m[34mSELECT  "users".* FROM "users" WHERE "users"."id" = $1 LIMIT $2[0m  [["id", 18], ["LIMIT", 1]]
  [1m[35m (0.5ms)[0m  [1m[34mSELECT COUNT(*) FROM "comments" WHERE "comments"."post_id" = $1[0m  [["post_id", 30]]
  [1m[36mUser Load (0.5ms)[0m  [1m[34mSELECT  "users".* FROM "users" WHERE "users"."id" = $1 LIMIT $2[0m  [["id", 19], ["LIMIT", 1]]
  [1m[35m (0.6ms)[0m  [1m[34mSELECT COUNT(*) FROM "comments" WHERE "comments"."post_id" = $1[0m  [["post_id", 31]]
  [1m[36mUser Load (0.8ms)[0m  [1m[34mSELECT  "users".* FROM "users" WHERE "users"."id" = $1 LIMIT $2[0m  [["id", 20], ["LIMIT", 1]]
  [1m[35m (0.6ms)[0m  [1m[34mSELECT COUNT(*) FROM "comments" WHERE "comments"."post_id" = $1[0m  [["post_id", 32]]
  [1m[36mUser Load (0.5ms)[0m  [1m[34mSELECT  "users".* FROM "users" WHERE "users"."id" = $1 LIMIT $2[0m  [["id", 21], ["LIMIT", 1]]
  [1m[35m (0.5ms)[0m  [1m[34mSELECT COUNT(*) FROM "comments" WHERE "comments"."post_id" = $1[0m  [["post_id", 33]]
  Rendered posts/index.html.erb within layouts/application (116.1ms)
Completed 200 OK in 436ms (Views: 160.7ms | ActiveRecord: 132.3ms)


Started GET "/pages/dashboard" for ::1 at 2019-08-07 19:08:20 -0400
Processing by PagesController#dashboard as HTML
  Rendering pages/dashboard.html.erb within layouts/application
  [1m[36mUser Load (1.8ms)[0m  [1m[34mSELECT "users".* FROM "users"[0m
  Rendered pages/dashboard.html.erb within layouts/application (281.4ms)
Completed 500 Internal Server Error in 298ms (ActiveRecord: 1.8ms)


  
ActionView::Template::Error (undefined method `user_path' for #<#<Class:0x007fa38de834f0>:0x007fa38de7a9e0>):
    15:   <tbody>
    16:     <% @user.each do |user| %>
    17:       <tr>
    18:         <td><%= link_to "#{user.name}", user %></td>
    19:         <td><%= user.name %></td>
    20:         <td><%= user.email %></td>
    21:         <td><%= user.role %></td>
  
app/views/pages/dashboard.html.erb:18:in `block in _app_views_pages_dashboard_html_erb__7646564838576905_70170218612300'
app/views/pages/dashboard.html.erb:16:in `_app_views_pages_dashboard_html_erb__7646564838576905_70170218612300'
Started GET "/pages/dashboard" for ::1 at 2019-08-07 19:08:46 -0400
Processing by PagesController#dashboard as HTML
  Rendering pages/dashboard.html.erb within layouts/application
  [1m[36mUser Load (0.4ms)[0m  [1m[34mSELECT "users".* FROM "users"[0m
  Rendered pages/dashboard.html.erb within layouts/application (365.4ms)
Completed 500 Internal Server Error in 376ms (ActiveRecord: 0.4ms)


  
ActionView::Template::Error (undefined local variable or method `post' for #<#<Class:0x007fa38de834f0>:0x007fa3900a0b50>):
    19:         <td><%= user.name %></td>
    20:         <td><%= user.email %></td>
    21:         <td><%= user.role %></td>
    22:         <td><%= link_to 'Editar', edit_user_path(post), class: 'btn btn-sm btn-success' %></td>
    23:         <td><%= link_to 'Eliminar', user, method: :delete, data: { confirm: 'Estás seguro que deseas eliminar el Post?' }, class: 'btn btn-sm btn-danger' %></td>
    24:       </tr>
    25:     <% end %>
  
app/views/pages/dashboard.html.erb:22:in `block in _app_views_pages_dashboard_html_erb__7646564838576905_70170236489900'
app/views/pages/dashboard.html.erb:16:in `_app_views_pages_dashboard_html_erb__7646564838576905_70170236489900'
Started GET "/pages/dashboard" for ::1 at 2019-08-07 19:10:56 -0400
Processing by PagesController#dashboard as HTML
  Rendering pages/dashboard.html.erb within layouts/application
  [1m[36mUser Load (0.4ms)[0m  [1m[34mSELECT "users".* FROM "users"[0m
  Rendered pages/dashboard.html.erb within layouts/application (201.5ms)
Completed 500 Internal Server Error in 212ms (ActiveRecord: 0.4ms)


  
ActionView::Template::Error (undefined method `user_path' for #<#<Class:0x007fa38de834f0>:0x007fa3919c4190>):
    20:         <td><%= user.email %></td>
    21:         <td><%= user.role %></td>
    22:         <td><%= link_to 'Admin', pages_become_admin_path(user), class: 'btn btn-sm btn-success' %></td>
    23:         <td><%= link_to 'Eliminar', user, method: :delete, data: { confirm: 'Estás seguro que deseas eliminar el Post?' }, class: 'btn btn-sm btn-danger' %></td>
    24:       </tr>
    25:     <% end %>
    26:   </tbody>
  
app/views/pages/dashboard.html.erb:23:in `block in _app_views_pages_dashboard_html_erb__7646564838576905_70170249668540'
app/views/pages/dashboard.html.erb:16:in `_app_views_pages_dashboard_html_erb__7646564838576905_70170249668540'
Started GET "/pages/dashboard" for ::1 at 2019-08-07 19:12:49 -0400
Processing by PagesController#dashboard as HTML
  Rendering pages/dashboard.html.erb within layouts/application
  [1m[36mUser Load (0.5ms)[0m  [1m[34mSELECT "users".* FROM "users"[0m
  Rendered pages/dashboard.html.erb within layouts/application (261.4ms)
Completed 500 Internal Server Error in 272ms (ActiveRecord: 0.5ms)


  
ActionView::Template::Error (undefined local variable or method `new_user_path' for #<#<Class:0x007fa38de834f0>:0x007fa3913ecba0>
Did you mean?  new_user_session_path
               new_user_password_path
               new_session_path
               new_post_url
               new_user_password_url
               new_post_path):
    28: 
    29: <br>
    30: s
    31: <%= link_to 'Nuevo Post', new_user_path, class: 'btn btn-primary' %>
  
app/views/pages/dashboard.html.erb:31:in `_app_views_pages_dashboard_html_erb__7646564838576905_70170246605500'
Started GET "/pages/dashboard" for ::1 at 2019-08-07 19:13:27 -0400
Processing by PagesController#dashboard as HTML
  Rendering pages/dashboard.html.erb within layouts/application
  [1m[36mUser Load (0.5ms)[0m  [1m[34mSELECT "users".* FROM "users"[0m
  Rendered pages/dashboard.html.erb within layouts/application (4.7ms)
  [1m[36mUser Load (0.6ms)[0m  [1m[34mSELECT  "users".* FROM "users" WHERE "users"."id" = $1 ORDER BY "users"."id" ASC LIMIT $2[0m  [["id", 23], ["LIMIT", 1]]
Completed 200 OK in 37ms (Views: 33.5ms | ActiveRecord: 1.0ms)


Started GET "/pages/dashboard" for ::1 at 2019-08-07 19:13:31 -0400
Processing by PagesController#dashboard as HTML
  Rendering pages/dashboard.html.erb within layouts/application
  [1m[36mUser Load (0.4ms)[0m  [1m[34mSELECT "users".* FROM "users"[0m
  Rendered pages/dashboard.html.erb within layouts/application (5.9ms)
  [1m[36mUser Load (0.5ms)[0m  [1m[34mSELECT  "users".* FROM "users" WHERE "users"."id" = $1 ORDER BY "users"."id" ASC LIMIT $2[0m  [["id", 23], ["LIMIT", 1]]
Completed 200 OK in 38ms (Views: 34.8ms | ActiveRecord: 0.9ms)


Started GET "/pages/dashboard" for ::1 at 2019-08-07 19:37:13 -0400
Processing by PagesController#dashboard as HTML
  Rendering pages/dashboard.html.erb within layouts/application
  Rendered pages/dashboard.html.erb within layouts/application (0.8ms)
Completed 500 Internal Server Error in 11ms (ActiveRecord: 0.0ms)


  
SyntaxError (/Users/jacky/Desafio_LATAM_2019/Ruby_on_Rails/Desafios/Desafio_Manejo_de_accesos/E20-blog/app/views/pages/dashboard.html.erb:24: syntax error, unexpected keyword_class, expecting ')'
...erer eliminar el usuario'}class: 'btn btn-sm btn-danger' );@...
...                               ^):
  
app/views/pages/dashboard.html.erb:24: syntax error, unexpected keyword_class, expecting ')'
Started GET "/pages/dashboard" for ::1 at 2019-08-07 19:40:17 -0400
Processing by PagesController#dashboard as HTML
  Rendering pages/dashboard.html.erb within layouts/application
  Rendered pages/dashboard.html.erb within layouts/application (1.1ms)
Completed 500 Internal Server Error in 12ms (ActiveRecord: 0.0ms)


  
SyntaxError (/Users/jacky/Desafio_LATAM_2019/Ruby_on_Rails/Desafios/Desafio_Manejo_de_accesos/E20-blog/app/views/pages/dashboard.html.erb:27: syntax error, unexpected keyword_class, expecting ')'
...erer eliminar el usuario'}class: 'btn btn-sm btn-danger' );@...
...                               ^):
  
app/views/pages/dashboard.html.erb:27: syntax error, unexpected keyword_class, expecting ')'
Started GET "/pages/dashboard" for ::1 at 2019-08-07 19:40:53 -0400
Processing by PagesController#dashboard as HTML
  Rendering pages/dashboard.html.erb within layouts/application
  Rendered pages/dashboard.html.erb within layouts/application (0.9ms)
Completed 500 Internal Server Error in 14ms (ActiveRecord: 0.0ms)


  
SyntaxError (/Users/jacky/Desafio_LATAM_2019/Ruby_on_Rails/Desafios/Desafio_Manejo_de_accesos/E20-blog/app/views/pages/dashboard.html.erb:27: syntax error, unexpected keyword_class, expecting ')'
...erer eliminar el usuario'}class: 'btn btn-sm btn-danger' );@...
...                               ^):
  
app/views/pages/dashboard.html.erb:27: syntax error, unexpected keyword_class, expecting ')'
Started GET "/pages/dashboard" for ::1 at 2019-08-07 19:41:39 -0400
Processing by PagesController#dashboard as HTML
  Rendering pages/dashboard.html.erb within layouts/application
  [1m[36mUser Load (0.4ms)[0m  [1m[34mSELECT "users".* FROM "users"[0m
  [1m[36mUser Load (0.5ms)[0m  [1m[34mSELECT  "users".* FROM "users" WHERE "users"."id" = $1 ORDER BY "users"."id" ASC LIMIT $2[0m  [["id", 23], ["LIMIT", 1]]
  Rendered pages/dashboard.html.erb within layouts/application (9.6ms)
Completed 200 OK in 47ms (Views: 41.9ms | ActiveRecord: 0.9ms)


Started GET "/pages/dashboard" for ::1 at 2019-08-07 19:52:19 -0400
Processing by PagesController#dashboard as HTML
  Rendering pages/dashboard.html.erb within layouts/application
  [1m[36mUser Load (0.4ms)[0m  [1m[34mSELECT "users".* FROM "users"[0m
  [1m[36mUser Load (0.6ms)[0m  [1m[34mSELECT  "users".* FROM "users" WHERE "users"."id" = $1 ORDER BY "users"."id" ASC LIMIT $2[0m  [["id", 23], ["LIMIT", 1]]
  Rendered pages/dashboard.html.erb within layouts/application (11.9ms)
Completed 200 OK in 53ms (Views: 48.7ms | ActiveRecord: 1.0ms)


Started GET "/pages/become_visit.12" for ::1 at 2019-08-07 19:55:11 -0400
Processing by PagesController#become_visit as 
  [1m[36mUser Load (0.3ms)[0m  [1m[34mSELECT  "users".* FROM "users" WHERE "users"."id" = $1 LIMIT $2[0m  [["id", 12], ["LIMIT", 1]]
  [1m[35m (4.8ms)[0m  [1m[35mBEGIN[0m
  [1m[35mSQL (12.1ms)[0m  [1m[33mUPDATE "users" SET "role" = $1, "updated_at" = $2 WHERE "users"."id" = $3[0m  [["role", 1], ["updated_at", "2019-08-07 23:55:11.297404"], ["id", 12]]
  [1m[35m (3.0ms)[0m  [1m[35mCOMMIT[0m
Redirected to http://localhost:3000/pages/dashboard
Completed 302 Found in 27ms (ActiveRecord: 20.2ms)


Started GET "/pages/dashboard" for ::1 at 2019-08-07 19:55:11 -0400
Processing by PagesController#dashboard as HTML
  Rendering pages/dashboard.html.erb within layouts/application
  [1m[36mUser Load (0.4ms)[0m  [1m[34mSELECT "users".* FROM "users"[0m
  [1m[36mUser Load (0.5ms)[0m  [1m[34mSELECT  "users".* FROM "users" WHERE "users"."id" = $1 ORDER BY "users"."id" ASC LIMIT $2[0m  [["id", 23], ["LIMIT", 1]]
  Rendered pages/dashboard.html.erb within layouts/application (8.4ms)
Completed 200 OK in 34ms (Views: 31.1ms | ActiveRecord: 0.9ms)


Started GET "/pages/become_admin.12" for ::1 at 2019-08-07 19:55:15 -0400
Processing by PagesController#become_admin as 
  [1m[36mUser Load (0.2ms)[0m  [1m[34mSELECT  "users".* FROM "users" WHERE "users"."id" = $1 LIMIT $2[0m  [["id", 12], ["LIMIT", 1]]
  [1m[35m (0.1ms)[0m  [1m[35mBEGIN[0m
  [1m[35mSQL (2.0ms)[0m  [1m[33mUPDATE "users" SET "role" = $1, "updated_at" = $2 WHERE "users"."id" = $3[0m  [["role", 0], ["updated_at", "2019-08-07 23:55:15.571401"], ["id", 12]]
  [1m[35m (3.7ms)[0m  [1m[35mCOMMIT[0m
Redirected to http://localhost:3000/pages/dashboard
Completed 302 Found in 10ms (ActiveRecord: 6.1ms)


Started GET "/pages/dashboard" for ::1 at 2019-08-07 19:55:15 -0400
Processing by PagesController#dashboard as HTML
  Rendering pages/dashboard.html.erb within layouts/application
  [1m[36mUser Load (0.4ms)[0m  [1m[34mSELECT "users".* FROM "users"[0m
  [1m[36mUser Load (0.5ms)[0m  [1m[34mSELECT  "users".* FROM "users" WHERE "users"."id" = $1 ORDER BY "users"."id" ASC LIMIT $2[0m  [["id", 23], ["LIMIT", 1]]
  Rendered pages/dashboard.html.erb within layouts/application (9.7ms)
Completed 200 OK in 45ms (Views: 41.5ms | ActiveRecord: 0.9ms)


Started GET "/pages/become_visit.13" for ::1 at 2019-08-07 19:58:33 -0400
Processing by PagesController#become_visit as 
  [1m[36mUser Load (0.3ms)[0m  [1m[34mSELECT  "users".* FROM "users" WHERE "users"."id" = $1 LIMIT $2[0m  [["id", 13], ["LIMIT", 1]]
  [1m[35m (0.2ms)[0m  [1m[35mBEGIN[0m
  [1m[35mSQL (2.7ms)[0m  [1m[33mUPDATE "users" SET "role" = $1, "updated_at" = $2 WHERE "users"."id" = $3[0m  [["role", 1], ["updated_at", "2019-08-07 23:58:33.699576"], ["id", 13]]
  [1m[35m (1.3ms)[0m  [1m[35mCOMMIT[0m
Redirected to http://localhost:3000/pages/dashboard
Completed 302 Found in 11ms (ActiveRecord: 4.5ms)


Started GET "/pages/dashboard" for ::1 at 2019-08-07 19:58:33 -0400
Processing by PagesController#dashboard as HTML
  Rendering pages/dashboard.html.erb within layouts/application
  [1m[36mUser Load (0.4ms)[0m  [1m[34mSELECT "users".* FROM "users"[0m
  [1m[36mUser Load (0.8ms)[0m  [1m[34mSELECT  "users".* FROM "users" WHERE "users"."id" = $1 ORDER BY "users"."id" ASC LIMIT $2[0m  [["id", 23], ["LIMIT", 1]]
  Rendered pages/dashboard.html.erb within layouts/application (11.9ms)
Completed 200 OK in 52ms (Views: 45.8ms | ActiveRecord: 1.1ms)


Started GET "/pages/become_admin.14" for ::1 at 2019-08-07 19:58:37 -0400
Processing by PagesController#become_admin as 
  [1m[36mUser Load (0.4ms)[0m  [1m[34mSELECT  "users".* FROM "users" WHERE "users"."id" = $1 LIMIT $2[0m  [["id", 14], ["LIMIT", 1]]
  [1m[35m (0.2ms)[0m  [1m[35mBEGIN[0m
  [1m[35mSQL (1.2ms)[0m  [1m[33mUPDATE "users" SET "role" = $1, "updated_at" = $2 WHERE "users"."id" = $3[0m  [["role", 0], ["updated_at", "2019-08-07 23:58:37.097369"], ["id", 14]]
  [1m[35m (1.4ms)[0m  [1m[35mCOMMIT[0m
Redirected to http://localhost:3000/pages/dashboard
Completed 302 Found in 9ms (ActiveRecord: 3.3ms)


Started GET "/pages/dashboard" for ::1 at 2019-08-07 19:58:37 -0400
Processing by PagesController#dashboard as HTML
  Rendering pages/dashboard.html.erb within layouts/application
  [1m[36mUser Load (0.7ms)[0m  [1m[34mSELECT "users".* FROM "users"[0m
  [1m[36mUser Load (0.6ms)[0m  [1m[34mSELECT  "users".* FROM "users" WHERE "users"."id" = $1 ORDER BY "users"."id" ASC LIMIT $2[0m  [["id", 23], ["LIMIT", 1]]
  Rendered pages/dashboard.html.erb within layouts/application (10.4ms)
Completed 200 OK in 37ms (Views: 33.9ms | ActiveRecord: 1.3ms)


Started GET "/pages/become_visit.23" for ::1 at 2019-08-07 19:59:32 -0400
Processing by PagesController#become_visit as 
  [1m[36mUser Load (1.0ms)[0m  [1m[34mSELECT  "users".* FROM "users" WHERE "users"."id" = $1 LIMIT $2[0m  [["id", 23], ["LIMIT", 1]]
  [1m[35m (0.3ms)[0m  [1m[35mBEGIN[0m
  [1m[35mSQL (0.8ms)[0m  [1m[33mUPDATE "users" SET "role" = $1, "updated_at" = $2 WHERE "users"."id" = $3[0m  [["role", 1], ["updated_at", "2019-08-07 23:59:32.212104"], ["id", 23]]
  [1m[35m (1.4ms)[0m  [1m[35mCOMMIT[0m
Redirected to http://localhost:3000/pages/dashboard
Completed 302 Found in 11ms (ActiveRecord: 3.5ms)


Started GET "/pages/dashboard" for ::1 at 2019-08-07 19:59:32 -0400
Processing by PagesController#dashboard as HTML
  Rendering pages/dashboard.html.erb within layouts/application
  [1m[36mUser Load (0.5ms)[0m  [1m[34mSELECT "users".* FROM "users"[0m
  [1m[36mUser Load (0.5ms)[0m  [1m[34mSELECT  "users".* FROM "users" WHERE "users"."id" = $1 ORDER BY "users"."id" ASC LIMIT $2[0m  [["id", 23], ["LIMIT", 1]]
  Rendered pages/dashboard.html.erb within layouts/application (8.8ms)
Completed 200 OK in 35ms (Views: 32.1ms | ActiveRecord: 1.1ms)


Started GET "/pages/dashboard" for ::1 at 2019-08-07 20:03:21 -0400
Processing by PagesController#dashboard as HTML
  Rendering pages/dashboard.html.erb within layouts/application
  [1m[36mUser Load (0.7ms)[0m  [1m[34mSELECT "users".* FROM "users"[0m
  [1m[36mUser Load (1.0ms)[0m  [1m[34mSELECT  "users".* FROM "users" WHERE "users"."id" = $1 ORDER BY "users"."id" ASC LIMIT $2[0m  [["id", 23], ["LIMIT", 1]]
  Rendered pages/dashboard.html.erb within layouts/application (111.7ms)
Completed 200 OK in 143ms (Views: 66.5ms | ActiveRecord: 73.0ms)


Started GET "/pages/dashboard" for ::1 at 2019-08-07 20:03:27 -0400
Processing by PagesController#dashboard as HTML
  Rendering pages/dashboard.html.erb within layouts/application
  [1m[36mUser Load (0.4ms)[0m  [1m[34mSELECT "users".* FROM "users"[0m
  [1m[36mUser Load (0.5ms)[0m  [1m[34mSELECT  "users".* FROM "users" WHERE "users"."id" = $1 ORDER BY "users"."id" ASC LIMIT $2[0m  [["id", 23], ["LIMIT", 1]]
  Rendered pages/dashboard.html.erb within layouts/application (10.0ms)
Completed 200 OK in 39ms (Views: 34.8ms | ActiveRecord: 0.9ms)


Started GET "/pages/dashboard/destroy" for ::1 at 2019-08-07 20:03:51 -0400
  
ActionController::RoutingError (No route matches [GET] "/pages/dashboard/destroy"):
  
actionpack (5.1.7) lib/action_dispatch/middleware/debug_exceptions.rb:63:in `call'
web-console (3.7.0) lib/web_console/middleware.rb:135:in `call_app'
web-console (3.7.0) lib/web_console/middleware.rb:30:in `block in call'
web-console (3.7.0) lib/web_console/middleware.rb:20:in `catch'
web-console (3.7.0) lib/web_console/middleware.rb:20:in `call'
actionpack (5.1.7) lib/action_dispatch/middleware/show_exceptions.rb:31:in `call'
railties (5.1.7) lib/rails/rack/logger.rb:36:in `call_app'
railties (5.1.7) lib/rails/rack/logger.rb:24:in `block in call'
activesupport (5.1.7) lib/active_support/tagged_logging.rb:69:in `block in tagged'
activesupport (5.1.7) lib/active_support/tagged_logging.rb:26:in `tagged'
activesupport (5.1.7) lib/active_support/tagged_logging.rb:69:in `tagged'
railties (5.1.7) lib/rails/rack/logger.rb:24:in `call'
sprockets-rails (3.2.1) lib/sprockets/rails/quiet_assets.rb:13:in `call'
actionpack (5.1.7) lib/action_dispatch/middleware/remote_ip.rb:79:in `call'
actionpack (5.1.7) lib/action_dispatch/middleware/request_id.rb:25:in `call'
rack (2.0.7) lib/rack/method_override.rb:22:in `call'
rack (2.0.7) lib/rack/runtime.rb:22:in `call'
activesupport (5.1.7) lib/active_support/cache/strategy/local_cache_middleware.rb:27:in `call'
actionpack (5.1.7) lib/action_dispatch/middleware/executor.rb:12:in `call'
actionpack (5.1.7) lib/action_dispatch/middleware/static.rb:125:in `call'
rack (2.0.7) lib/rack/sendfile.rb:111:in `call'
railties (5.1.7) lib/rails/engine.rb:522:in `call'
puma (3.12.1) lib/puma/configuration.rb:227:in `call'
puma (3.12.1) lib/puma/server.rb:660:in `handle_request'
puma (3.12.1) lib/puma/server.rb:474:in `process_client'
puma (3.12.1) lib/puma/server.rb:334:in `block in run'
puma (3.12.1) lib/puma/thread_pool.rb:135:in `block in spawn_thread'
Started GET "/" for ::1 at 2019-08-07 20:04:12 -0400
Processing by PostsController#index as HTML
  [1m[36mUser Load (1.0ms)[0m  [1m[34mSELECT  "users".* FROM "users" WHERE "users"."id" = $1 ORDER BY "users"."id" ASC LIMIT $2[0m  [["id", 23], ["LIMIT", 1]]
  Rendering posts/index.html.erb within layouts/application
  [1m[36mPost Load (0.4ms)[0m  [1m[34mSELECT "posts".* FROM "posts"[0m
  [1m[36mUser Load (0.3ms)[0m  [1m[34mSELECT  "users".* FROM "users" WHERE "users"."id" = $1 LIMIT $2[0m  [["id", 15], ["LIMIT", 1]]
  [1m[35m (0.5ms)[0m  [1m[34mSELECT COUNT(*) FROM "comments" WHERE "comments"."post_id" = $1[0m  [["post_id", 27]]
  [1m[36mUser Load (0.5ms)[0m  [1m[34mSELECT  "users".* FROM "users" WHERE "users"."id" = $1 LIMIT $2[0m  [["id", 16], ["LIMIT", 1]]
  [1m[35m (0.4ms)[0m  [1m[34mSELECT COUNT(*) FROM "comments" WHERE "comments"."post_id" = $1[0m  [["post_id", 28]]
  [1m[36mUser Load (0.5ms)[0m  [1m[34mSELECT  "users".* FROM "users" WHERE "users"."id" = $1 LIMIT $2[0m  [["id", 17], ["LIMIT", 1]]
  [1m[35m (0.4ms)[0m  [1m[34mSELECT COUNT(*) FROM "comments" WHERE "comments"."post_id" = $1[0m  [["post_id", 29]]
  [1m[36mUser Load (0.5ms)[0m  [1m[34mSELECT  "users".* FROM "users" WHERE "users"."id" = $1 LIMIT $2[0m  [["id", 18], ["LIMIT", 1]]
  [1m[35m (0.4ms)[0m  [1m[34mSELECT COUNT(*) FROM "comments" WHERE "comments"."post_id" = $1[0m  [["post_id", 30]]
  [1m[36mUser Load (0.5ms)[0m  [1m[34mSELECT  "users".* FROM "users" WHERE "users"."id" = $1 LIMIT $2[0m  [["id", 19], ["LIMIT", 1]]
  [1m[35m (0.5ms)[0m  [1m[34mSELECT COUNT(*) FROM "comments" WHERE "comments"."post_id" = $1[0m  [["post_id", 31]]
  [1m[36mUser Load (0.5ms)[0m  [1m[34mSELECT  "users".* FROM "users" WHERE "users"."id" = $1 LIMIT $2[0m  [["id", 20], ["LIMIT", 1]]
  [1m[35m (0.5ms)[0m  [1m[34mSELECT COUNT(*) FROM "comments" WHERE "comments"."post_id" = $1[0m  [["post_id", 32]]
  [1m[36mUser Load (0.5ms)[0m  [1m[34mSELECT  "users".* FROM "users" WHERE "users"."id" = $1 LIMIT $2[0m  [["id", 21], ["LIMIT", 1]]
  [1m[35m (0.4ms)[0m  [1m[34mSELECT COUNT(*) FROM "comments" WHERE "comments"."post_id" = $1[0m  [["post_id", 33]]
  Rendered posts/index.html.erb within layouts/application (46.6ms)
Completed 200 OK in 90ms (Views: 60.7ms | ActiveRecord: 14.5ms)


Started GET "/pages/dashboard" for ::1 at 2019-08-07 20:04:30 -0400
Processing by PagesController#dashboard as HTML
  Rendering pages/dashboard.html.erb within layouts/application
  [1m[36mUser Load (0.4ms)[0m  [1m[34mSELECT "users".* FROM "users"[0m
  [1m[36mUser Load (0.6ms)[0m  [1m[34mSELECT  "users".* FROM "users" WHERE "users"."id" = $1 ORDER BY "users"."id" ASC LIMIT $2[0m  [["id", 23], ["LIMIT", 1]]
  Rendered pages/dashboard.html.erb within layouts/application (14.0ms)
Completed 200 OK in 48ms (Views: 42.6ms | ActiveRecord: 1.0ms)


